2024-06-06T20:57:39.450+05:30  INFO 16508 --- [main] c.h.p.PolicyManagerApplication           : Starting PolicyManagerApplication using Java 17.0.9 with PID 16508 (D:\PolicyManager\target\classes started by Prasanna in D:\PolicyManager)
2024-06-06T20:57:39.554+05:30  INFO 16508 --- [main] c.h.p.PolicyManagerApplication           : No active profile set, falling back to 1 default profile: "default"
2024-06-06T20:57:44.779+05:30  INFO 16508 --- [main] .s.d.r.c.RepositoryConfigurationDelegate : Bootstrapping Spring Data JPA repositories in DEFAULT mode.
2024-06-06T20:57:45.092+05:30  INFO 16508 --- [main] .s.d.r.c.RepositoryConfigurationDelegate : Finished Spring Data repository scanning in 287 ms. Found 7 JPA repository interfaces.
2024-06-06T20:57:47.614+05:30  INFO 16508 --- [main] o.s.b.w.embedded.tomcat.TomcatWebServer  : Tomcat initialized with port(s): 8080 (http)
2024-06-06T20:57:47.661+05:30  INFO 16508 --- [main] o.apache.catalina.core.StandardService   : Starting service [Tomcat]
2024-06-06T20:57:47.661+05:30  INFO 16508 --- [main] o.apache.catalina.core.StandardEngine    : Starting Servlet engine: [Apache Tomcat/10.1.4]
2024-06-06T20:57:48.015+05:30  INFO 16508 --- [main] o.a.c.c.C.[Tomcat].[localhost].[/]       : Initializing Spring embedded WebApplicationContext
2024-06-06T20:57:48.015+05:30  INFO 16508 --- [main] w.s.c.ServletWebServerApplicationContext : Root WebApplicationContext: initialization completed in 8063 ms
2024-06-06T20:57:48.462+05:30  INFO 16508 --- [main] o.hibernate.jpa.internal.util.LogHelper  : HHH000204: Processing PersistenceUnitInfo [name: default]
2024-06-06T20:57:48.662+05:30  INFO 16508 --- [main] org.hibernate.Version                    : HHH000412: Hibernate ORM core version 6.1.6.Final
2024-06-06T20:57:49.187+05:30  WARN 16508 --- [main] org.hibernate.orm.deprecation            : HHH90000021: Encountered deprecated setting [javax.persistence.sharedCache.mode], use [jakarta.persistence.sharedCache.mode] instead
2024-06-06T20:57:49.791+05:30  INFO 16508 --- [main] com.zaxxer.hikari.HikariDataSource       : HikariPool-1 - Starting...
2024-06-06T20:57:51.132+05:30  INFO 16508 --- [main] com.zaxxer.hikari.pool.HikariPool        : HikariPool-1 - Added connection com.mysql.cj.jdbc.ConnectionImpl@6231f77a
2024-06-06T20:57:51.139+05:30  INFO 16508 --- [main] com.zaxxer.hikari.HikariDataSource       : HikariPool-1 - Start completed.
2024-06-06T20:57:51.750+05:30  INFO 16508 --- [main] SQL dialect                              : HHH000400: Using dialect: org.hibernate.dialect.MySQLDialect
2024-06-06T20:57:56.388+05:30  INFO 16508 --- [main] o.h.e.t.j.p.i.JtaPlatformInitiator       : HHH000490: Using JtaPlatform implementation: [org.hibernate.engine.transaction.jta.platform.internal.NoJtaPlatform]
2024-06-06T20:57:56.431+05:30  INFO 16508 --- [main] j.LocalContainerEntityManagerFactoryBean : Initialized JPA EntityManagerFactory for persistence unit 'default'
2024-06-06T20:58:00.708+05:30  WARN 16508 --- [main] JpaBaseConfiguration$JpaWebConfiguration : spring.jpa.open-in-view is enabled by default. Therefore, database queries may be performed during view rendering. Explicitly configure spring.jpa.open-in-view to disable this warning
2024-06-06T20:58:02.808+05:30  INFO 16508 --- [main] o.s.s.web.DefaultSecurityFilterChain     : Will secure any request with [org.springframework.security.web.session.DisableEncodeUrlFilter@45d28ab7, org.springframework.security.web.context.request.async.WebAsyncManagerIntegrationFilter@51dd74a0, org.springframework.security.web.context.SecurityContextHolderFilter@69fc5803, org.springframework.security.web.header.HeaderWriterFilter@7a5b561b, org.springframework.web.filter.CorsFilter@6cb1da13, org.springframework.security.web.authentication.logout.LogoutFilter@4eb0ed44, com.hexaware.policymanager.filter.JwtAuthFilter@6c79a7c1, org.springframework.security.web.savedrequest.RequestCacheAwareFilter@56a69c47, org.springframework.security.web.servletapi.SecurityContextHolderAwareRequestFilter@333cedbd, org.springframework.security.web.authentication.AnonymousAuthenticationFilter@78652c15, org.springframework.security.web.session.SessionManagementFilter@1a819769, org.springframework.security.web.access.ExceptionTranslationFilter@3ab7b0f, org.springframework.security.web.access.intercept.AuthorizationFilter@3b75fdd0]
2024-06-06T20:58:03.799+05:30  INFO 16508 --- [main] o.s.b.w.embedded.tomcat.TomcatWebServer  : Tomcat started on port(s): 8080 (http) with context path ''
2024-06-06T20:58:03.820+05:30  INFO 16508 --- [main] c.h.p.PolicyManagerApplication           : Started PolicyManagerApplication in 26.073 seconds (process running for 29.207)
2024-06-06T21:00:16.129+05:30  INFO 16508 --- [http-nio-8080-exec-1] o.a.c.c.C.[Tomcat].[localhost].[/]       : Initializing Spring DispatcherServlet 'dispatcherServlet'
2024-06-06T21:00:16.135+05:30  INFO 16508 --- [http-nio-8080-exec-1] o.s.web.servlet.DispatcherServlet        : Initializing Servlet 'dispatcherServlet'
2024-06-06T21:00:16.142+05:30  INFO 16508 --- [http-nio-8080-exec-1] o.s.web.servlet.DispatcherServlet        : Completed initialization in 6 ms
2024-06-06T21:00:18.083+05:30  INFO 16508 --- [http-nio-8080-exec-1] c.h.p.service.PoliciesServiceImp         : retrived all policies succesfully [Policies [policyId=100000, policyName=Bala Baalika Yojana, policyDescription=A Saving plan designed to secure your child's education., company=Bajaj Insurance, policyType=Child Plans, initialDeposit=50000.0, termPeriod=Half-Yearly, termAmount=1800.0, interest=1.0, eligibleUserTypes=[A, B, C]], Policies [policyId=100001, policyName=Vahana Bhadratha, policyDescription=Provides Vehicle Insurance., company=Exide , policyType=Vehicle Insurance, initialDeposit=70000.0, termPeriod=Half-Yearly, termAmount=2000.0, interest=0.5, eligibleUserTypes=[A, B, C, D]], Policies [policyId=100002, policyName=MediCare, policyDescription=The best insurance policy for your health for the secured future., company=Bajaj Insurance, policyType=Health Insurance, initialDeposit=100000.0, termPeriod=Half-Yearly, termAmount=3000.0, interest=1.0, eligibleUserTypes=[C, D, A]], Policies [policyId=100003, policyName=Term Life Protection Plan, policyDescription=This policy provides coverage for to your loved ones in the event of your death, during the term of policy., company=LIC, policyType=Life Insurance, initialDeposit=50000.0, termPeriod=Annually, termAmount=6000.0, interest=1.0, eligibleUserTypes=[A, B, C, D]], Policies [policyId=100004, policyName=Federal Insurnace, policyDescription=Helps you build a corpus for a comfortable retirement with regular contributions and tax benefits., company=LIC, policyType=Retirement Plans, initialDeposit=80000.0, termPeriod=Half-Yearly, termAmount=5000.0, interest=1.0, eligibleUserTypes=[A, B, C, D]], Policies [policyId=100005, policyName=Comprehensive Travel Protection, policyDescription=This policy offers extensive coverage for various travel related risks., company=Travel Guard, policyType=Travel Insurance, initialDeposit=90000.0, termPeriod=Quarterly, termAmount=6000.0, interest=0.3, eligibleUserTypes=[A, B, C, D]], Policies [policyId=100006, policyName=International Travel Insurance, policyDescription=Covers medical emergencies, trip cancellations, lost luggage, and other unforeseen events during international travel., company=HDFC Life Insurance, policyType=Travel Insurance, initialDeposit=100000.0, termPeriod=Half-Yearly, termAmount=3000.0, interest=1.0, eligibleUserTypes=[A, B, C, D]], Policies [policyId=100007, policyName=Critical Illness Insurance , policyDescription= Pays a lump sum amount upon diagnosis of critical illnesses like cancer, heart attack, or stroke, to cover treatment expenses and loss of income., company=Bajaj Allianz Life Insurance, policyType=Health Insurance, initialDeposit=50000.0, termPeriod=Quarterly, termAmount=1800.0, interest=1.0, eligibleUserTypes=[A, C, D]], Policies [policyId=100008, policyName=Child Marriage Plan, policyDescription=Helps parents save for their child's marriage expenses by providing a lump sum amount at the policy's maturity., company=Tata AIA Life Insurance, policyType=Child Plans, initialDeposit=62000.0, termPeriod=Quarterly, termAmount=5000.0, interest=1.0, eligibleUserTypes=[C, D, A]], Policies [policyId=100010, policyName=Zero Depreciation Car Insurance, policyDescription=Provides coverage for the full value of repairs or replacement parts without factoring in depreciation, resulting in higher claim payouts., company=SBI Life Insurance, policyType=Life Insurance, initialDeposit=70000.0, termPeriod=Half-Yearly, termAmount=5000.0, interest=2.0, eligibleUserTypes=[A, B, C, D]], Policies [policyId=100011, policyName=Endowment Plans, policyDescription=Provide both life cover and savings over a specified period, offering maturity benefits if the policyholder survives the term or death benefits to nominees in case of demise., company=PNB MetLife India Insurance , policyType=Life Insurance, initialDeposit=89000.0, termPeriod=Quarterly, termAmount=4000.0, interest=2.0, eligibleUserTypes=[A, B, C, D]]]
2024-06-06T21:03:52.064+05:30  INFO 16508 --- [RMI TCP Connection(8)-127.0.0.1] inMXBeanRegistrar$SpringApplicationAdmin : Application shutdown requested.
2024-06-06T21:03:52.130+05:30  INFO 16508 --- [RMI TCP Connection(8)-127.0.0.1] o.apache.catalina.core.StandardService   : Stopping service [Tomcat]
2024-06-06T21:03:52.135+05:30  INFO 16508 --- [RMI TCP Connection(8)-127.0.0.1] o.a.c.c.C.[Tomcat].[localhost].[/]       : Destroying Spring FrameworkServlet 'dispatcherServlet'
2024-06-06T21:03:52.153+05:30  WARN 16508 --- [RMI TCP Connection(8)-127.0.0.1] o.a.c.loader.WebappClassLoaderBase       : The web application [ROOT] appears to have started a thread named [HikariPool-1 housekeeper] but has failed to stop it. This is very likely to create a memory leak. Stack trace of thread:
 java.base@17.0.9/jdk.internal.misc.Unsafe.park(Native Method)
 java.base@17.0.9/java.util.concurrent.locks.LockSupport.parkNanos(LockSupport.java:252)
 java.base@17.0.9/java.util.concurrent.locks.AbstractQueuedSynchronizer$ConditionObject.awaitNanos(AbstractQueuedSynchronizer.java:1672)
 java.base@17.0.9/java.util.concurrent.ScheduledThreadPoolExecutor$DelayedWorkQueue.take(ScheduledThreadPoolExecutor.java:1182)
 java.base@17.0.9/java.util.concurrent.ScheduledThreadPoolExecutor$DelayedWorkQueue.take(ScheduledThreadPoolExecutor.java:899)
 java.base@17.0.9/java.util.concurrent.ThreadPoolExecutor.getTask(ThreadPoolExecutor.java:1062)
 java.base@17.0.9/java.util.concurrent.ThreadPoolExecutor.runWorker(ThreadPoolExecutor.java:1122)
 java.base@17.0.9/java.util.concurrent.ThreadPoolExecutor$Worker.run(ThreadPoolExecutor.java:635)
 java.base@17.0.9/java.lang.Thread.run(Thread.java:840)
2024-06-06T21:03:52.229+05:30  INFO 16508 --- [RMI TCP Connection(8)-127.0.0.1] j.LocalContainerEntityManagerFactoryBean : Closing JPA EntityManagerFactory for persistence unit 'default'
2024-06-06T21:03:52.259+05:30  INFO 16508 --- [RMI TCP Connection(8)-127.0.0.1] com.zaxxer.hikari.HikariDataSource       : HikariPool-1 - Shutdown initiated...
2024-06-06T21:03:52.303+05:30  INFO 16508 --- [RMI TCP Connection(8)-127.0.0.1] com.zaxxer.hikari.HikariDataSource       : HikariPool-1 - Shutdown completed.
2024-06-06T21:04:02.357+05:30  INFO 836 --- [main] c.h.p.PolicyManagerApplication           : Starting PolicyManagerApplication using Java 17.0.9 with PID 836 (D:\PolicyManager\target\classes started by Prasanna in D:\PolicyManager)
2024-06-06T21:04:02.362+05:30  INFO 836 --- [main] c.h.p.PolicyManagerApplication           : No active profile set, falling back to 1 default profile: "default"
2024-06-06T21:04:04.284+05:30  INFO 836 --- [main] .s.d.r.c.RepositoryConfigurationDelegate : Bootstrapping Spring Data JPA repositories in DEFAULT mode.
2024-06-06T21:04:04.389+05:30  INFO 836 --- [main] .s.d.r.c.RepositoryConfigurationDelegate : Finished Spring Data repository scanning in 94 ms. Found 7 JPA repository interfaces.
2024-06-06T21:04:05.227+05:30  INFO 836 --- [main] o.s.b.w.embedded.tomcat.TomcatWebServer  : Tomcat initialized with port(s): 8080 (http)
2024-06-06T21:04:05.242+05:30  INFO 836 --- [main] o.apache.catalina.core.StandardService   : Starting service [Tomcat]
2024-06-06T21:04:05.243+05:30  INFO 836 --- [main] o.apache.catalina.core.StandardEngine    : Starting Servlet engine: [Apache Tomcat/10.1.4]
2024-06-06T21:04:05.401+05:30  INFO 836 --- [main] o.a.c.c.C.[Tomcat].[localhost].[/]       : Initializing Spring embedded WebApplicationContext
2024-06-06T21:04:05.402+05:30  INFO 836 --- [main] w.s.c.ServletWebServerApplicationContext : Root WebApplicationContext: initialization completed in 2959 ms
2024-06-06T21:04:05.606+05:30  INFO 836 --- [main] o.hibernate.jpa.internal.util.LogHelper  : HHH000204: Processing PersistenceUnitInfo [name: default]
2024-06-06T21:04:05.693+05:30  INFO 836 --- [main] org.hibernate.Version                    : HHH000412: Hibernate ORM core version 6.1.6.Final
2024-06-06T21:04:05.964+05:30  WARN 836 --- [main] org.hibernate.orm.deprecation            : HHH90000021: Encountered deprecated setting [javax.persistence.sharedCache.mode], use [jakarta.persistence.sharedCache.mode] instead
2024-06-06T21:04:06.170+05:30  INFO 836 --- [main] com.zaxxer.hikari.HikariDataSource       : HikariPool-1 - Starting...
2024-06-06T21:04:06.685+05:30  INFO 836 --- [main] com.zaxxer.hikari.pool.HikariPool        : HikariPool-1 - Added connection com.mysql.cj.jdbc.ConnectionImpl@3add5e17
2024-06-06T21:04:06.688+05:30  INFO 836 --- [main] com.zaxxer.hikari.HikariDataSource       : HikariPool-1 - Start completed.
2024-06-06T21:04:06.797+05:30  INFO 836 --- [main] SQL dialect                              : HHH000400: Using dialect: org.hibernate.dialect.MySQLDialect
2024-06-06T21:04:08.404+05:30  INFO 836 --- [main] o.h.e.t.j.p.i.JtaPlatformInitiator       : HHH000490: Using JtaPlatform implementation: [org.hibernate.engine.transaction.jta.platform.internal.NoJtaPlatform]
2024-06-06T21:04:08.418+05:30  INFO 836 --- [main] j.LocalContainerEntityManagerFactoryBean : Initialized JPA EntityManagerFactory for persistence unit 'default'
2024-06-06T21:04:09.870+05:30  WARN 836 --- [main] JpaBaseConfiguration$JpaWebConfiguration : spring.jpa.open-in-view is enabled by default. Therefore, database queries may be performed during view rendering. Explicitly configure spring.jpa.open-in-view to disable this warning
2024-06-06T21:04:11.144+05:30  INFO 836 --- [main] o.s.s.web.DefaultSecurityFilterChain     : Will secure any request with [org.springframework.security.web.session.DisableEncodeUrlFilter@6f2bb798, org.springframework.security.web.context.request.async.WebAsyncManagerIntegrationFilter@3a5e591b, org.springframework.security.web.context.SecurityContextHolderFilter@3577fd9b, org.springframework.security.web.header.HeaderWriterFilter@6fca831e, org.springframework.web.filter.CorsFilter@32a541a8, org.springframework.security.web.authentication.logout.LogoutFilter@388b9799, com.hexaware.policymanager.filter.JwtAuthFilter@4ac2b4c6, org.springframework.security.web.savedrequest.RequestCacheAwareFilter@47b5c247, org.springframework.security.web.servletapi.SecurityContextHolderAwareRequestFilter@4057eb76, org.springframework.security.web.authentication.AnonymousAuthenticationFilter@43076326, org.springframework.security.web.session.SessionManagementFilter@345effd7, org.springframework.security.web.access.ExceptionTranslationFilter@3e668743, org.springframework.security.web.access.intercept.AuthorizationFilter@3a7deba5]
2024-06-06T21:04:11.659+05:30  INFO 836 --- [main] o.s.b.w.embedded.tomcat.TomcatWebServer  : Tomcat started on port(s): 8080 (http) with context path ''
2024-06-06T21:04:11.673+05:30  INFO 836 --- [main] c.h.p.PolicyManagerApplication           : Started PolicyManagerApplication in 9.921 seconds (process running for 11.342)
2024-06-06T21:23:01.906+05:30  INFO 836 --- [http-nio-8080-exec-1] o.a.c.c.C.[Tomcat].[localhost].[/]       : Initializing Spring DispatcherServlet 'dispatcherServlet'
2024-06-06T21:23:01.906+05:30  INFO 836 --- [http-nio-8080-exec-1] o.s.web.servlet.DispatcherServlet        : Initializing Servlet 'dispatcherServlet'
2024-06-06T21:23:01.938+05:30  INFO 836 --- [http-nio-8080-exec-1] o.s.web.servlet.DispatcherServlet        : Completed initialization in 32 ms
2024-06-06T21:23:02.255+05:30  INFO 836 --- [http-nio-8080-exec-1] c.h.p.service.PoliciesServiceImp         : retrived all policies succesfully [Policies [policyId=100000, policyName=Bala Baalika Yojana, policyDescription=A Saving plan designed to secure your child's education., company=Bajaj Insurance, policyType=Child Plans, initialDeposit=50000.0, termPeriod=Half-Yearly, termAmount=1800.0, interest=1.0, eligibleUserTypes=[A, B, C]], Policies [policyId=100001, policyName=Vahana Bhadratha, policyDescription=Provides Vehicle Insurance., company=Exide , policyType=Vehicle Insurance, initialDeposit=70000.0, termPeriod=Half-Yearly, termAmount=2000.0, interest=0.5, eligibleUserTypes=[A, B, C, D]], Policies [policyId=100002, policyName=MediCare, policyDescription=The best insurance policy for your health for the secured future., company=Bajaj Insurance, policyType=Health Insurance, initialDeposit=100000.0, termPeriod=Half-Yearly, termAmount=3000.0, interest=1.0, eligibleUserTypes=[C, D, A]], Policies [policyId=100003, policyName=Term Life Protection Plan, policyDescription=This policy provides coverage for to your loved ones in the event of your death, during the term of policy., company=LIC, policyType=Life Insurance, initialDeposit=50000.0, termPeriod=Annually, termAmount=6000.0, interest=1.0, eligibleUserTypes=[A, B, C, D]], Policies [policyId=100004, policyName=Federal Insurnace, policyDescription=Helps you build a corpus for a comfortable retirement with regular contributions and tax benefits., company=LIC, policyType=Retirement Plans, initialDeposit=80000.0, termPeriod=Half-Yearly, termAmount=5000.0, interest=1.0, eligibleUserTypes=[A, B, C, D]], Policies [policyId=100005, policyName=Comprehensive Travel Protection, policyDescription=This policy offers extensive coverage for various travel related risks., company=Travel Guard, policyType=Travel Insurance, initialDeposit=90000.0, termPeriod=Quarterly, termAmount=6000.0, interest=0.3, eligibleUserTypes=[A, B, C, D]], Policies [policyId=100006, policyName=International Travel Insurance, policyDescription=Covers medical emergencies, trip cancellations, lost luggage, and other unforeseen events during international travel., company=HDFC Life Insurance, policyType=Travel Insurance, initialDeposit=100000.0, termPeriod=Half-Yearly, termAmount=3000.0, interest=1.0, eligibleUserTypes=[A, B, C, D]], Policies [policyId=100007, policyName=Critical Illness Insurance , policyDescription= Pays a lump sum amount upon diagnosis of critical illnesses like cancer, heart attack, or stroke, to cover treatment expenses and loss of income., company=Bajaj Allianz Life Insurance, policyType=Health Insurance, initialDeposit=50000.0, termPeriod=Quarterly, termAmount=1800.0, interest=1.0, eligibleUserTypes=[A, C, D]], Policies [policyId=100008, policyName=Child Marriage Plan, policyDescription=Helps parents save for their child's marriage expenses by providing a lump sum amount at the policy's maturity., company=Tata AIA Life Insurance, policyType=Child Plans, initialDeposit=62000.0, termPeriod=Quarterly, termAmount=5000.0, interest=1.0, eligibleUserTypes=[C, D, A]], Policies [policyId=100010, policyName=Zero Depreciation Car Insurance, policyDescription=Provides coverage for the full value of repairs or replacement parts without factoring in depreciation, resulting in higher claim payouts., company=SBI Life Insurance, policyType=Life Insurance, initialDeposit=70000.0, termPeriod=Half-Yearly, termAmount=5000.0, interest=2.0, eligibleUserTypes=[A, B, C, D]], Policies [policyId=100011, policyName=Endowment Plans, policyDescription=Provide both life cover and savings over a specified period, offering maturity benefits if the policyholder survives the term or death benefits to nominees in case of demise., company=PNB MetLife India Insurance , policyType=Life Insurance, initialDeposit=89000.0, termPeriod=Quarterly, termAmount=4000.0, interest=2.0, eligibleUserTypes=[A, B, C, D]]]
2024-06-06T21:24:51.893+05:30  INFO 836 --- [RMI TCP Connection(24)-127.0.0.1] inMXBeanRegistrar$SpringApplicationAdmin : Application shutdown requested.
2024-06-06T21:24:51.907+05:30  INFO 836 --- [RMI TCP Connection(24)-127.0.0.1] o.apache.catalina.core.StandardService   : Stopping service [Tomcat]
2024-06-06T21:24:51.909+05:30  INFO 836 --- [RMI TCP Connection(24)-127.0.0.1] o.a.c.c.C.[Tomcat].[localhost].[/]       : Destroying Spring FrameworkServlet 'dispatcherServlet'
2024-06-06T21:24:51.915+05:30  WARN 836 --- [RMI TCP Connection(24)-127.0.0.1] o.a.c.loader.WebappClassLoaderBase       : The web application [ROOT] appears to have started a thread named [HikariPool-1 housekeeper] but has failed to stop it. This is very likely to create a memory leak. Stack trace of thread:
 java.base@17.0.9/jdk.internal.misc.Unsafe.park(Native Method)
 java.base@17.0.9/java.util.concurrent.locks.LockSupport.parkNanos(LockSupport.java:252)
 java.base@17.0.9/java.util.concurrent.locks.AbstractQueuedSynchronizer$ConditionObject.awaitNanos(AbstractQueuedSynchronizer.java:1672)
 java.base@17.0.9/java.util.concurrent.ScheduledThreadPoolExecutor$DelayedWorkQueue.take(ScheduledThreadPoolExecutor.java:1182)
 java.base@17.0.9/java.util.concurrent.ScheduledThreadPoolExecutor$DelayedWorkQueue.take(ScheduledThreadPoolExecutor.java:899)
 java.base@17.0.9/java.util.concurrent.ThreadPoolExecutor.getTask(ThreadPoolExecutor.java:1062)
 java.base@17.0.9/java.util.concurrent.ThreadPoolExecutor.runWorker(ThreadPoolExecutor.java:1122)
 java.base@17.0.9/java.util.concurrent.ThreadPoolExecutor$Worker.run(ThreadPoolExecutor.java:635)
 java.base@17.0.9/java.lang.Thread.run(Thread.java:840)
2024-06-06T21:24:51.933+05:30  INFO 836 --- [RMI TCP Connection(24)-127.0.0.1] j.LocalContainerEntityManagerFactoryBean : Closing JPA EntityManagerFactory for persistence unit 'default'
2024-06-06T21:24:51.937+05:30  INFO 836 --- [RMI TCP Connection(24)-127.0.0.1] com.zaxxer.hikari.HikariDataSource       : HikariPool-1 - Shutdown initiated...
2024-06-06T21:24:51.955+05:30  INFO 836 --- [RMI TCP Connection(24)-127.0.0.1] com.zaxxer.hikari.HikariDataSource       : HikariPool-1 - Shutdown completed.
2024-06-06T21:25:02.494+05:30  INFO 22120 --- [main] c.h.p.PolicyManagerApplication           : Starting PolicyManagerApplication using Java 17.0.9 with PID 22120 (D:\PolicyManager\target\classes started by Prasanna in D:\PolicyManager)
2024-06-06T21:25:02.499+05:30  INFO 22120 --- [main] c.h.p.PolicyManagerApplication           : No active profile set, falling back to 1 default profile: "default"
2024-06-06T21:25:03.926+05:30  INFO 22120 --- [main] .s.d.r.c.RepositoryConfigurationDelegate : Bootstrapping Spring Data JPA repositories in DEFAULT mode.
2024-06-06T21:25:04.012+05:30  INFO 22120 --- [main] .s.d.r.c.RepositoryConfigurationDelegate : Finished Spring Data repository scanning in 77 ms. Found 7 JPA repository interfaces.
2024-06-06T21:25:04.667+05:30  INFO 22120 --- [main] o.s.b.w.embedded.tomcat.TomcatWebServer  : Tomcat initialized with port(s): 8080 (http)
2024-06-06T21:25:04.679+05:30  INFO 22120 --- [main] o.apache.catalina.core.StandardService   : Starting service [Tomcat]
2024-06-06T21:25:04.680+05:30  INFO 22120 --- [main] o.apache.catalina.core.StandardEngine    : Starting Servlet engine: [Apache Tomcat/10.1.4]
2024-06-06T21:25:04.809+05:30  INFO 22120 --- [main] o.a.c.c.C.[Tomcat].[localhost].[/]       : Initializing Spring embedded WebApplicationContext
2024-06-06T21:25:04.810+05:30  INFO 22120 --- [main] w.s.c.ServletWebServerApplicationContext : Root WebApplicationContext: initialization completed in 2250 ms
2024-06-06T21:25:05.026+05:30  INFO 22120 --- [main] o.hibernate.jpa.internal.util.LogHelper  : HHH000204: Processing PersistenceUnitInfo [name: default]
2024-06-06T21:25:05.083+05:30  INFO 22120 --- [main] org.hibernate.Version                    : HHH000412: Hibernate ORM core version 6.1.6.Final
2024-06-06T21:25:05.303+05:30  WARN 22120 --- [main] org.hibernate.orm.deprecation            : HHH90000021: Encountered deprecated setting [javax.persistence.sharedCache.mode], use [jakarta.persistence.sharedCache.mode] instead
2024-06-06T21:25:05.437+05:30  INFO 22120 --- [main] com.zaxxer.hikari.HikariDataSource       : HikariPool-1 - Starting...
2024-06-06T21:25:05.860+05:30  INFO 22120 --- [main] com.zaxxer.hikari.pool.HikariPool        : HikariPool-1 - Added connection com.mysql.cj.jdbc.ConnectionImpl@342723a3
2024-06-06T21:25:05.865+05:30  INFO 22120 --- [main] com.zaxxer.hikari.HikariDataSource       : HikariPool-1 - Start completed.
2024-06-06T21:25:05.948+05:30  INFO 22120 --- [main] SQL dialect                              : HHH000400: Using dialect: org.hibernate.dialect.MySQLDialect
2024-06-06T21:25:07.501+05:30  INFO 22120 --- [main] o.h.e.t.j.p.i.JtaPlatformInitiator       : HHH000490: Using JtaPlatform implementation: [org.hibernate.engine.transaction.jta.platform.internal.NoJtaPlatform]
2024-06-06T21:25:07.515+05:30  INFO 22120 --- [main] j.LocalContainerEntityManagerFactoryBean : Initialized JPA EntityManagerFactory for persistence unit 'default'
2024-06-06T21:25:08.756+05:30  WARN 22120 --- [main] JpaBaseConfiguration$JpaWebConfiguration : spring.jpa.open-in-view is enabled by default. Therefore, database queries may be performed during view rendering. Explicitly configure spring.jpa.open-in-view to disable this warning
2024-06-06T21:25:09.563+05:30  INFO 22120 --- [main] o.s.s.web.DefaultSecurityFilterChain     : Will secure any request with [org.springframework.security.web.session.DisableEncodeUrlFilter@4057eb76, org.springframework.security.web.context.request.async.WebAsyncManagerIntegrationFilter@4ac64dc2, org.springframework.security.web.context.SecurityContextHolderFilter@4a609803, org.springframework.security.web.header.HeaderWriterFilter@4f290f46, org.springframework.web.filter.CorsFilter@4ba32242, org.springframework.security.web.authentication.logout.LogoutFilter@6dbe6891, com.hexaware.policymanager.filter.JwtAuthFilter@628d6320, org.springframework.security.web.savedrequest.RequestCacheAwareFilter@3ea4dcc5, org.springframework.security.web.servletapi.SecurityContextHolderAwareRequestFilter@73611fbb, org.springframework.security.web.authentication.AnonymousAuthenticationFilter@1c61011b, org.springframework.security.web.session.SessionManagementFilter@9930ff6, org.springframework.security.web.access.ExceptionTranslationFilter@2e903c69, org.springframework.security.web.access.intercept.AuthorizationFilter@3577fd9b]
2024-06-06T21:25:09.944+05:30  INFO 22120 --- [main] o.s.b.w.embedded.tomcat.TomcatWebServer  : Tomcat started on port(s): 8080 (http) with context path ''
2024-06-06T21:25:09.957+05:30  INFO 22120 --- [main] c.h.p.PolicyManagerApplication           : Started PolicyManagerApplication in 7.925 seconds (process running for 8.827)
2024-06-06T21:27:38.523+05:30  INFO 22120 --- [http-nio-8080-exec-1] o.a.c.c.C.[Tomcat].[localhost].[/]       : Initializing Spring DispatcherServlet 'dispatcherServlet'
2024-06-06T21:27:38.523+05:30  INFO 22120 --- [http-nio-8080-exec-1] o.s.web.servlet.DispatcherServlet        : Initializing Servlet 'dispatcherServlet'
2024-06-06T21:27:38.523+05:30  INFO 22120 --- [http-nio-8080-exec-1] o.s.web.servlet.DispatcherServlet        : Completed initialization in 0 ms
2024-06-06T21:27:38.898+05:30 ERROR 22120 --- [http-nio-8080-exec-2] c.h.p.service.UsersServiceImp            : Error registering user: User with email address vishnuvardhanreddy@gmail.com already exists
2024-06-06T21:27:56.670+05:30  INFO 22120 --- [http-nio-8080-exec-5] c.h.p.service.UsersServiceImp            : User registered successfully
2024-06-06T21:32:49.278+05:30  INFO 22120 --- [RMI TCP Connection(11)-127.0.0.1] inMXBeanRegistrar$SpringApplicationAdmin : Application shutdown requested.
2024-06-06T21:32:49.292+05:30  INFO 22120 --- [RMI TCP Connection(11)-127.0.0.1] o.apache.catalina.core.StandardService   : Stopping service [Tomcat]
2024-06-06T21:32:49.299+05:30  INFO 22120 --- [RMI TCP Connection(11)-127.0.0.1] o.a.c.c.C.[Tomcat].[localhost].[/]       : Destroying Spring FrameworkServlet 'dispatcherServlet'
2024-06-06T21:32:49.303+05:30  WARN 22120 --- [RMI TCP Connection(11)-127.0.0.1] o.a.c.loader.WebappClassLoaderBase       : The web application [ROOT] appears to have started a thread named [HikariPool-1 housekeeper] but has failed to stop it. This is very likely to create a memory leak. Stack trace of thread:
 java.base@17.0.9/jdk.internal.misc.Unsafe.park(Native Method)
 java.base@17.0.9/java.util.concurrent.locks.LockSupport.parkNanos(LockSupport.java:252)
 java.base@17.0.9/java.util.concurrent.locks.AbstractQueuedSynchronizer$ConditionObject.awaitNanos(AbstractQueuedSynchronizer.java:1672)
 java.base@17.0.9/java.util.concurrent.ScheduledThreadPoolExecutor$DelayedWorkQueue.take(ScheduledThreadPoolExecutor.java:1182)
 java.base@17.0.9/java.util.concurrent.ScheduledThreadPoolExecutor$DelayedWorkQueue.take(ScheduledThreadPoolExecutor.java:899)
 java.base@17.0.9/java.util.concurrent.ThreadPoolExecutor.getTask(ThreadPoolExecutor.java:1062)
 java.base@17.0.9/java.util.concurrent.ThreadPoolExecutor.runWorker(ThreadPoolExecutor.java:1122)
 java.base@17.0.9/java.util.concurrent.ThreadPoolExecutor$Worker.run(ThreadPoolExecutor.java:635)
 java.base@17.0.9/java.lang.Thread.run(Thread.java:840)
2024-06-06T21:32:49.320+05:30  INFO 22120 --- [RMI TCP Connection(11)-127.0.0.1] j.LocalContainerEntityManagerFactoryBean : Closing JPA EntityManagerFactory for persistence unit 'default'
2024-06-06T21:32:49.323+05:30  INFO 22120 --- [RMI TCP Connection(11)-127.0.0.1] com.zaxxer.hikari.HikariDataSource       : HikariPool-1 - Shutdown initiated...
2024-06-06T21:32:49.332+05:30  INFO 22120 --- [RMI TCP Connection(11)-127.0.0.1] com.zaxxer.hikari.HikariDataSource       : HikariPool-1 - Shutdown completed.
2024-06-06T21:32:52.473+05:30  INFO 13128 --- [main] c.h.p.PolicyManagerApplication           : Starting PolicyManagerApplication using Java 17.0.9 with PID 13128 (D:\PolicyManager\target\classes started by Prasanna in D:\PolicyManager)
2024-06-06T21:32:52.476+05:30  INFO 13128 --- [main] c.h.p.PolicyManagerApplication           : No active profile set, falling back to 1 default profile: "default"
2024-06-06T21:32:53.354+05:30  INFO 13128 --- [main] .s.d.r.c.RepositoryConfigurationDelegate : Bootstrapping Spring Data JPA repositories in DEFAULT mode.
2024-06-06T21:32:53.448+05:30  INFO 13128 --- [main] .s.d.r.c.RepositoryConfigurationDelegate : Finished Spring Data repository scanning in 82 ms. Found 7 JPA repository interfaces.
2024-06-06T21:32:54.077+05:30  INFO 13128 --- [main] o.s.b.w.embedded.tomcat.TomcatWebServer  : Tomcat initialized with port(s): 8080 (http)
2024-06-06T21:32:54.089+05:30  INFO 13128 --- [main] o.apache.catalina.core.StandardService   : Starting service [Tomcat]
2024-06-06T21:32:54.089+05:30  INFO 13128 --- [main] o.apache.catalina.core.StandardEngine    : Starting Servlet engine: [Apache Tomcat/10.1.4]
2024-06-06T21:32:54.228+05:30  INFO 13128 --- [main] o.a.c.c.C.[Tomcat].[localhost].[/]       : Initializing Spring embedded WebApplicationContext
2024-06-06T21:32:54.229+05:30  INFO 13128 --- [main] w.s.c.ServletWebServerApplicationContext : Root WebApplicationContext: initialization completed in 1698 ms
2024-06-06T21:32:54.372+05:30  INFO 13128 --- [main] o.hibernate.jpa.internal.util.LogHelper  : HHH000204: Processing PersistenceUnitInfo [name: default]
2024-06-06T21:32:54.428+05:30  INFO 13128 --- [main] org.hibernate.Version                    : HHH000412: Hibernate ORM core version 6.1.6.Final
2024-06-06T21:32:54.589+05:30  WARN 13128 --- [main] org.hibernate.orm.deprecation            : HHH90000021: Encountered deprecated setting [javax.persistence.sharedCache.mode], use [jakarta.persistence.sharedCache.mode] instead
2024-06-06T21:32:54.696+05:30  INFO 13128 --- [main] com.zaxxer.hikari.HikariDataSource       : HikariPool-1 - Starting...
2024-06-06T21:32:55.069+05:30  INFO 13128 --- [main] com.zaxxer.hikari.pool.HikariPool        : HikariPool-1 - Added connection com.mysql.cj.jdbc.ConnectionImpl@6f112f70
2024-06-06T21:32:55.071+05:30  INFO 13128 --- [main] com.zaxxer.hikari.HikariDataSource       : HikariPool-1 - Start completed.
2024-06-06T21:32:55.150+05:30  INFO 13128 --- [main] SQL dialect                              : HHH000400: Using dialect: org.hibernate.dialect.MySQLDialect
2024-06-06T21:32:56.374+05:30  INFO 13128 --- [main] o.h.e.t.j.p.i.JtaPlatformInitiator       : HHH000490: Using JtaPlatform implementation: [org.hibernate.engine.transaction.jta.platform.internal.NoJtaPlatform]
2024-06-06T21:32:56.387+05:30  INFO 13128 --- [main] j.LocalContainerEntityManagerFactoryBean : Initialized JPA EntityManagerFactory for persistence unit 'default'
2024-06-06T21:32:57.577+05:30  WARN 13128 --- [main] JpaBaseConfiguration$JpaWebConfiguration : spring.jpa.open-in-view is enabled by default. Therefore, database queries may be performed during view rendering. Explicitly configure spring.jpa.open-in-view to disable this warning
2024-06-06T21:32:58.443+05:30  INFO 13128 --- [main] o.s.s.web.DefaultSecurityFilterChain     : Will secure any request with [org.springframework.security.web.session.DisableEncodeUrlFilter@56a69c47, org.springframework.security.web.context.request.async.WebAsyncManagerIntegrationFilter@333cedbd, org.springframework.security.web.context.SecurityContextHolderFilter@31b11287, org.springframework.security.web.header.HeaderWriterFilter@2aa176de, org.springframework.web.filter.CorsFilter@2bd67cf9, org.springframework.security.web.authentication.logout.LogoutFilter@3705e3fb, com.hexaware.policymanager.filter.JwtAuthFilter@6345dc06, org.springframework.security.web.savedrequest.RequestCacheAwareFilter@7aa4ef24, org.springframework.security.web.servletapi.SecurityContextHolderAwareRequestFilter@7f77d839, org.springframework.security.web.authentication.AnonymousAuthenticationFilter@388b9799, org.springframework.security.web.session.SessionManagementFilter@35b8b69f, org.springframework.security.web.access.ExceptionTranslationFilter@62e55482, org.springframework.security.web.access.intercept.AuthorizationFilter@135ec43a]
2024-06-06T21:32:58.851+05:30  INFO 13128 --- [main] o.s.b.w.embedded.tomcat.TomcatWebServer  : Tomcat started on port(s): 8080 (http) with context path ''
2024-06-06T21:32:58.864+05:30  INFO 13128 --- [main] c.h.p.PolicyManagerApplication           : Started PolicyManagerApplication in 6.824 seconds (process running for 7.675)
2024-06-06T21:33:32.276+05:30  INFO 13128 --- [http-nio-8080-exec-1] o.a.c.c.C.[Tomcat].[localhost].[/]       : Initializing Spring DispatcherServlet 'dispatcherServlet'
2024-06-06T21:33:32.276+05:30  INFO 13128 --- [http-nio-8080-exec-1] o.s.web.servlet.DispatcherServlet        : Initializing Servlet 'dispatcherServlet'
2024-06-06T21:33:32.276+05:30  INFO 13128 --- [http-nio-8080-exec-1] o.s.web.servlet.DispatcherServlet        : Completed initialization in 0 ms
2024-06-06T21:33:36.740+05:30  INFO 13128 --- [http-nio-8080-exec-4] c.h.p.service.UsersServiceImp            : Retrieved all users successfully
2024-06-06T21:35:10.804+05:30  INFO 13128 --- [http-nio-8080-exec-7] c.h.p.service.UsersServiceImp            : User updated successfully: Users [userId=10000, emailAddress=lakshmiprasannaramidi2001@gmail.com, contactNumber=7671946545, password=$2a$10$aC5/T5PSsseH7/1pegKQTe59JhUSdYwlA5CmLV/na8nSweHWCx.Ne, firstName=Lakshmi, lastName=Ramidi, dateOfBirth=2001-06-04, panNumber=FERTY6789I, employerType=B, employerName=Raju, salary=50000.0, userType=Admin, address=Address [addressId=70000, addressLine=3-7/21,Shivashakthi Sai Colony, city=Nagaram,Ecil, cityPincode=500083, state=Telangana], userPolicies=null, profile=ProfilePicture [pictureId=3, name=IMG_4544.jpg, type=image/jpeg, data=org.hibernate.engine.jdbc.BlobProxy@3d674b26]]
2024-06-06T21:35:38.628+05:30  INFO 13128 --- [http-nio-8080-exec-10] c.h.p.service.UsersServiceImp            : Retrieved all users successfully
2024-06-06T21:36:06.554+05:30  INFO 13128 --- [http-nio-8080-exec-6] c.h.p.service.UsersServiceImp            : User retrieved successfully by contact number: 8765432199
2024-06-06T21:37:01.096+05:30  INFO 13128 --- [http-nio-8080-exec-9] c.h.p.service.ClaimsServiceImp           : Fetching all claims
2024-06-06T21:41:57.052+05:30  INFO 13128 --- [RMI TCP Connection(11)-127.0.0.1] inMXBeanRegistrar$SpringApplicationAdmin : Application shutdown requested.
2024-06-06T21:41:57.064+05:30  INFO 13128 --- [RMI TCP Connection(11)-127.0.0.1] o.apache.catalina.core.StandardService   : Stopping service [Tomcat]
2024-06-06T21:41:57.066+05:30  INFO 13128 --- [RMI TCP Connection(11)-127.0.0.1] o.a.c.c.C.[Tomcat].[localhost].[/]       : Destroying Spring FrameworkServlet 'dispatcherServlet'
2024-06-06T21:41:57.070+05:30  WARN 13128 --- [RMI TCP Connection(11)-127.0.0.1] o.a.c.loader.WebappClassLoaderBase       : The web application [ROOT] appears to have started a thread named [HikariPool-1 housekeeper] but has failed to stop it. This is very likely to create a memory leak. Stack trace of thread:
 java.base@17.0.9/jdk.internal.misc.Unsafe.park(Native Method)
 java.base@17.0.9/java.util.concurrent.locks.LockSupport.parkNanos(LockSupport.java:252)
 java.base@17.0.9/java.util.concurrent.locks.AbstractQueuedSynchronizer$ConditionObject.awaitNanos(AbstractQueuedSynchronizer.java:1672)
 java.base@17.0.9/java.util.concurrent.ScheduledThreadPoolExecutor$DelayedWorkQueue.take(ScheduledThreadPoolExecutor.java:1182)
 java.base@17.0.9/java.util.concurrent.ScheduledThreadPoolExecutor$DelayedWorkQueue.take(ScheduledThreadPoolExecutor.java:899)
 java.base@17.0.9/java.util.concurrent.ThreadPoolExecutor.getTask(ThreadPoolExecutor.java:1062)
 java.base@17.0.9/java.util.concurrent.ThreadPoolExecutor.runWorker(ThreadPoolExecutor.java:1122)
 java.base@17.0.9/java.util.concurrent.ThreadPoolExecutor$Worker.run(ThreadPoolExecutor.java:635)
 java.base@17.0.9/java.lang.Thread.run(Thread.java:840)
2024-06-06T21:41:57.084+05:30  INFO 13128 --- [RMI TCP Connection(11)-127.0.0.1] j.LocalContainerEntityManagerFactoryBean : Closing JPA EntityManagerFactory for persistence unit 'default'
2024-06-06T21:41:57.087+05:30  INFO 13128 --- [RMI TCP Connection(11)-127.0.0.1] com.zaxxer.hikari.HikariDataSource       : HikariPool-1 - Shutdown initiated...
2024-06-06T21:41:57.097+05:30  INFO 13128 --- [RMI TCP Connection(11)-127.0.0.1] com.zaxxer.hikari.HikariDataSource       : HikariPool-1 - Shutdown completed.
2024-06-06T21:42:25.785+05:30  INFO 11096 --- [main] c.h.p.PolicyManagerApplication           : Starting PolicyManagerApplication using Java 17.0.9 with PID 11096 (D:\PolicyManager\target\classes started by Prasanna in D:\PolicyManager)
2024-06-06T21:42:25.790+05:30  INFO 11096 --- [main] c.h.p.PolicyManagerApplication           : No active profile set, falling back to 1 default profile: "default"
2024-06-06T21:42:26.860+05:30  INFO 11096 --- [main] .s.d.r.c.RepositoryConfigurationDelegate : Bootstrapping Spring Data JPA repositories in DEFAULT mode.
2024-06-06T21:42:26.964+05:30  INFO 11096 --- [main] .s.d.r.c.RepositoryConfigurationDelegate : Finished Spring Data repository scanning in 91 ms. Found 7 JPA repository interfaces.
2024-06-06T21:42:27.739+05:30  INFO 11096 --- [main] o.s.b.w.embedded.tomcat.TomcatWebServer  : Tomcat initialized with port(s): 8080 (http)
2024-06-06T21:42:27.754+05:30  INFO 11096 --- [main] o.apache.catalina.core.StandardService   : Starting service [Tomcat]
2024-06-06T21:42:27.755+05:30  INFO 11096 --- [main] o.apache.catalina.core.StandardEngine    : Starting Servlet engine: [Apache Tomcat/10.1.4]
2024-06-06T21:42:27.891+05:30  INFO 11096 --- [main] o.a.c.c.C.[Tomcat].[localhost].[/]       : Initializing Spring embedded WebApplicationContext
2024-06-06T21:42:27.892+05:30  INFO 11096 --- [main] w.s.c.ServletWebServerApplicationContext : Root WebApplicationContext: initialization completed in 2023 ms
2024-06-06T21:42:28.082+05:30  INFO 11096 --- [main] o.hibernate.jpa.internal.util.LogHelper  : HHH000204: Processing PersistenceUnitInfo [name: default]
2024-06-06T21:42:28.167+05:30  INFO 11096 --- [main] org.hibernate.Version                    : HHH000412: Hibernate ORM core version 6.1.6.Final
2024-06-06T21:42:28.374+05:30  WARN 11096 --- [main] org.hibernate.orm.deprecation            : HHH90000021: Encountered deprecated setting [javax.persistence.sharedCache.mode], use [jakarta.persistence.sharedCache.mode] instead
2024-06-06T21:42:28.519+05:30  INFO 11096 --- [main] com.zaxxer.hikari.HikariDataSource       : HikariPool-1 - Starting...
2024-06-06T21:42:28.952+05:30  INFO 11096 --- [main] com.zaxxer.hikari.pool.HikariPool        : HikariPool-1 - Added connection com.mysql.cj.jdbc.ConnectionImpl@7742a276
2024-06-06T21:42:28.955+05:30  INFO 11096 --- [main] com.zaxxer.hikari.HikariDataSource       : HikariPool-1 - Start completed.
2024-06-06T21:42:29.049+05:30  INFO 11096 --- [main] SQL dialect                              : HHH000400: Using dialect: org.hibernate.dialect.MySQLDialect
2024-06-06T21:42:30.598+05:30  INFO 11096 --- [main] o.h.e.t.j.p.i.JtaPlatformInitiator       : HHH000490: Using JtaPlatform implementation: [org.hibernate.engine.transaction.jta.platform.internal.NoJtaPlatform]
2024-06-06T21:42:30.610+05:30  INFO 11096 --- [main] j.LocalContainerEntityManagerFactoryBean : Initialized JPA EntityManagerFactory for persistence unit 'default'
2024-06-06T21:42:32.263+05:30  WARN 11096 --- [main] JpaBaseConfiguration$JpaWebConfiguration : spring.jpa.open-in-view is enabled by default. Therefore, database queries may be performed during view rendering. Explicitly configure spring.jpa.open-in-view to disable this warning
2024-06-06T21:42:33.289+05:30  INFO 11096 --- [main] o.s.s.web.DefaultSecurityFilterChain     : Will secure any request with [org.springframework.security.web.session.DisableEncodeUrlFilter@5392c0a7, org.springframework.security.web.context.request.async.WebAsyncManagerIntegrationFilter@bb9bad9, org.springframework.security.web.context.SecurityContextHolderFilter@5ceb6796, org.springframework.security.web.header.HeaderWriterFilter@22bf4d9d, org.springframework.web.filter.CorsFilter@42718ebf, org.springframework.security.web.authentication.logout.LogoutFilter@4057eb76, com.hexaware.policymanager.filter.JwtAuthFilter@5c883b3f, org.springframework.security.web.savedrequest.RequestCacheAwareFilter@3208e15, org.springframework.security.web.servletapi.SecurityContextHolderAwareRequestFilter@4ba99bb7, org.springframework.security.web.authentication.AnonymousAuthenticationFilter@1435feb6, org.springframework.security.web.session.SessionManagementFilter@2f4b2ee3, org.springframework.security.web.access.ExceptionTranslationFilter@38ed9fb2, org.springframework.security.web.access.intercept.AuthorizationFilter@3ab7b0f]
2024-06-06T21:42:33.790+05:30  INFO 11096 --- [main] o.s.b.w.embedded.tomcat.TomcatWebServer  : Tomcat started on port(s): 8080 (http) with context path ''
2024-06-06T21:42:33.804+05:30  INFO 11096 --- [main] c.h.p.PolicyManagerApplication           : Started PolicyManagerApplication in 8.593 seconds (process running for 9.601)
2024-06-06T21:43:12.807+05:30  INFO 11096 --- [http-nio-8080-exec-2] o.a.c.c.C.[Tomcat].[localhost].[/]       : Initializing Spring DispatcherServlet 'dispatcherServlet'
2024-06-06T21:43:12.807+05:30  INFO 11096 --- [http-nio-8080-exec-2] o.s.web.servlet.DispatcherServlet        : Initializing Servlet 'dispatcherServlet'
2024-06-06T21:43:12.809+05:30  INFO 11096 --- [http-nio-8080-exec-2] o.s.web.servlet.DispatcherServlet        : Completed initialization in 1 ms
2024-06-06T21:43:13.324+05:30  INFO 11096 --- [http-nio-8080-exec-1] c.h.p.service.ClaimsServiceImp           : Fetching all claims
2024-06-06T21:43:40.140+05:30  INFO 11096 --- [http-nio-8080-exec-5] c.h.p.service.ClaimsServiceImp           : Fetching all claims
2024-06-06T21:44:03.971+05:30  INFO 11096 --- [http-nio-8080-exec-8] c.h.p.service.ClaimsServiceImp           : Updating claim
2024-06-06T21:44:03.981+05:30  INFO 11096 --- [http-nio-8080-exec-8] c.h.p.service.ClaimsServiceImp           : Claim updated successfully Claims [claimId=130000, claimDate=2024-03-14, claimAmount=1000.0, claimStatus=Approved, userPolicy=com.hexaware.policymanager.entities.UserPolicies@1bd3db4e, users=Users [userId=10001, emailAddress=rupakarella212@gmail.com, contactNumber=8765432219, password=$2a$10$egevacUS4Wo3AAIZX9AgC.sCRoBPrDdEZfiVqBc59mPaCsaaHg9.e, firstName=Rupa , lastName=Karella, dateOfBirth=2001-12-11, panNumber=QWERT5678U, employerType=B, employerName=Javeed, salary=50000.0, userType=User, address=Address [addressId=70001, addressLine=MIG 33,HB Colony, city=Hyderabad, cityPincode=561234, state=Telangana], userPolicies=[com.hexaware.policymanager.entities.UserPolicies@1bd3db4e, com.hexaware.policymanager.entities.UserPolicies@508e72b0, com.hexaware.policymanager.entities.UserPolicies@3b125a58, com.hexaware.policymanager.entities.UserPolicies@4503de96, com.hexaware.policymanager.entities.UserPolicies@7e2bb030], profile=null]]
2024-06-06T21:44:04.160+05:30  INFO 11096 --- [http-nio-8080-exec-10] c.h.p.service.ClaimsServiceImp           : Fetching all claims
2024-06-06T21:45:05.029+05:30  INFO 11096 --- [http-nio-8080-exec-3] c.h.p.service.ClaimsServiceImp           : Fetching claims by claim amount: 1000.0 
2024-06-06T21:45:08.454+05:30  INFO 11096 --- [http-nio-8080-exec-5] c.h.p.service.ClaimsServiceImp           : Fetching all claims
2024-06-06T21:45:15.896+05:30  INFO 11096 --- [http-nio-8080-exec-8] c.h.p.service.ClaimsServiceImp           : Fetching claims by claim amount: 5000.0 
2024-06-06T21:46:01.990+05:30  INFO 11096 --- [http-nio-8080-exec-2] c.h.p.service.ClaimsServiceImp           : Fetching claims by claim status: Pending 
2024-06-06T21:47:53.910+05:30  INFO 11096 --- [http-nio-8080-exec-4] c.h.p.service.ClaimsServiceImp           : Fetching claim with ID: 130005
2024-06-06T21:47:53.915+05:30  INFO 11096 --- [http-nio-8080-exec-4] c.h.p.service.ClaimsServiceImp           : Claim found
2024-06-06T21:48:06.158+05:30  INFO 11096 --- [http-nio-8080-exec-7] c.h.p.service.ClaimsServiceImp           : Fetching all claims
2024-06-06T21:54:50.053+05:30  INFO 11096 --- [RMI TCP Connection(16)-127.0.0.1] inMXBeanRegistrar$SpringApplicationAdmin : Application shutdown requested.
2024-06-06T21:54:50.065+05:30  INFO 11096 --- [RMI TCP Connection(16)-127.0.0.1] o.apache.catalina.core.StandardService   : Stopping service [Tomcat]
2024-06-06T21:54:50.066+05:30  INFO 11096 --- [RMI TCP Connection(16)-127.0.0.1] o.a.c.c.C.[Tomcat].[localhost].[/]       : Destroying Spring FrameworkServlet 'dispatcherServlet'
2024-06-06T21:54:50.070+05:30  WARN 11096 --- [RMI TCP Connection(16)-127.0.0.1] o.a.c.loader.WebappClassLoaderBase       : The web application [ROOT] appears to have started a thread named [HikariPool-1 housekeeper] but has failed to stop it. This is very likely to create a memory leak. Stack trace of thread:
 java.base@17.0.9/jdk.internal.misc.Unsafe.park(Native Method)
 java.base@17.0.9/java.util.concurrent.locks.LockSupport.parkNanos(LockSupport.java:252)
 java.base@17.0.9/java.util.concurrent.locks.AbstractQueuedSynchronizer$ConditionObject.awaitNanos(AbstractQueuedSynchronizer.java:1672)
 java.base@17.0.9/java.util.concurrent.ScheduledThreadPoolExecutor$DelayedWorkQueue.take(ScheduledThreadPoolExecutor.java:1182)
 java.base@17.0.9/java.util.concurrent.ScheduledThreadPoolExecutor$DelayedWorkQueue.take(ScheduledThreadPoolExecutor.java:899)
 java.base@17.0.9/java.util.concurrent.ThreadPoolExecutor.getTask(ThreadPoolExecutor.java:1062)
 java.base@17.0.9/java.util.concurrent.ThreadPoolExecutor.runWorker(ThreadPoolExecutor.java:1122)
 java.base@17.0.9/java.util.concurrent.ThreadPoolExecutor$Worker.run(ThreadPoolExecutor.java:635)
 java.base@17.0.9/java.lang.Thread.run(Thread.java:840)
2024-06-06T21:54:50.078+05:30  INFO 11096 --- [RMI TCP Connection(16)-127.0.0.1] j.LocalContainerEntityManagerFactoryBean : Closing JPA EntityManagerFactory for persistence unit 'default'
2024-06-06T21:54:50.080+05:30  INFO 11096 --- [RMI TCP Connection(16)-127.0.0.1] com.zaxxer.hikari.HikariDataSource       : HikariPool-1 - Shutdown initiated...
2024-06-06T21:54:50.091+05:30  INFO 11096 --- [RMI TCP Connection(16)-127.0.0.1] com.zaxxer.hikari.HikariDataSource       : HikariPool-1 - Shutdown completed.
2024-06-06T21:54:52.941+05:30  INFO 17964 --- [main] c.h.p.PolicyManagerApplication           : Starting PolicyManagerApplication using Java 17.0.9 with PID 17964 (D:\PolicyManager\target\classes started by Prasanna in D:\PolicyManager)
2024-06-06T21:54:52.944+05:30  INFO 17964 --- [main] c.h.p.PolicyManagerApplication           : No active profile set, falling back to 1 default profile: "default"
2024-06-06T21:54:54.136+05:30  INFO 17964 --- [main] .s.d.r.c.RepositoryConfigurationDelegate : Bootstrapping Spring Data JPA repositories in DEFAULT mode.
2024-06-06T21:54:54.255+05:30  INFO 17964 --- [main] .s.d.r.c.RepositoryConfigurationDelegate : Finished Spring Data repository scanning in 107 ms. Found 7 JPA repository interfaces.
2024-06-06T21:54:55.029+05:30  INFO 17964 --- [main] o.s.b.w.embedded.tomcat.TomcatWebServer  : Tomcat initialized with port(s): 8080 (http)
2024-06-06T21:54:55.041+05:30  INFO 17964 --- [main] o.apache.catalina.core.StandardService   : Starting service [Tomcat]
2024-06-06T21:54:55.041+05:30  INFO 17964 --- [main] o.apache.catalina.core.StandardEngine    : Starting Servlet engine: [Apache Tomcat/10.1.4]
2024-06-06T21:54:55.220+05:30  INFO 17964 --- [main] o.a.c.c.C.[Tomcat].[localhost].[/]       : Initializing Spring embedded WebApplicationContext
2024-06-06T21:54:55.221+05:30  INFO 17964 --- [main] w.s.c.ServletWebServerApplicationContext : Root WebApplicationContext: initialization completed in 2221 ms
2024-06-06T21:54:55.422+05:30  INFO 17964 --- [main] o.hibernate.jpa.internal.util.LogHelper  : HHH000204: Processing PersistenceUnitInfo [name: default]
2024-06-06T21:54:55.567+05:30  INFO 17964 --- [main] org.hibernate.Version                    : HHH000412: Hibernate ORM core version 6.1.6.Final
2024-06-06T21:54:55.848+05:30  WARN 17964 --- [main] org.hibernate.orm.deprecation            : HHH90000021: Encountered deprecated setting [javax.persistence.sharedCache.mode], use [jakarta.persistence.sharedCache.mode] instead
2024-06-06T21:54:56.038+05:30  INFO 17964 --- [main] com.zaxxer.hikari.HikariDataSource       : HikariPool-1 - Starting...
2024-06-06T21:54:56.561+05:30  INFO 17964 --- [main] com.zaxxer.hikari.pool.HikariPool        : HikariPool-1 - Added connection com.mysql.cj.jdbc.ConnectionImpl@7c0e4e4e
2024-06-06T21:54:56.563+05:30  INFO 17964 --- [main] com.zaxxer.hikari.HikariDataSource       : HikariPool-1 - Start completed.
2024-06-06T21:54:56.648+05:30  INFO 17964 --- [main] SQL dialect                              : HHH000400: Using dialect: org.hibernate.dialect.MySQLDialect
2024-06-06T21:54:58.312+05:30  INFO 17964 --- [main] o.h.e.t.j.p.i.JtaPlatformInitiator       : HHH000490: Using JtaPlatform implementation: [org.hibernate.engine.transaction.jta.platform.internal.NoJtaPlatform]
2024-06-06T21:54:58.323+05:30  INFO 17964 --- [main] j.LocalContainerEntityManagerFactoryBean : Initialized JPA EntityManagerFactory for persistence unit 'default'
2024-06-06T21:54:59.492+05:30  WARN 17964 --- [main] JpaBaseConfiguration$JpaWebConfiguration : spring.jpa.open-in-view is enabled by default. Therefore, database queries may be performed during view rendering. Explicitly configure spring.jpa.open-in-view to disable this warning
2024-06-06T21:55:00.329+05:30  INFO 17964 --- [main] o.s.s.web.DefaultSecurityFilterChain     : Will secure any request with [org.springframework.security.web.session.DisableEncodeUrlFilter@46ebd87a, org.springframework.security.web.context.request.async.WebAsyncManagerIntegrationFilter@6dbe6891, org.springframework.security.web.context.SecurityContextHolderFilter@20d1737, org.springframework.security.web.header.HeaderWriterFilter@ab7ac41, org.springframework.web.filter.CorsFilter@11b234aa, org.springframework.security.web.authentication.logout.LogoutFilter@780e6b63, com.hexaware.policymanager.filter.JwtAuthFilter@48463900, org.springframework.security.web.savedrequest.RequestCacheAwareFilter@5f31385e, org.springframework.security.web.servletapi.SecurityContextHolderAwareRequestFilter@4a592d22, org.springframework.security.web.authentication.AnonymousAuthenticationFilter@30be77cd, org.springframework.security.web.session.SessionManagementFilter@4f290f46, org.springframework.security.web.access.ExceptionTranslationFilter@1e08f0cd, org.springframework.security.web.access.intercept.AuthorizationFilter@414d5660]
2024-06-06T21:55:00.715+05:30  INFO 17964 --- [main] o.s.b.w.embedded.tomcat.TomcatWebServer  : Tomcat started on port(s): 8080 (http) with context path ''
2024-06-06T21:55:00.728+05:30  INFO 17964 --- [main] c.h.p.PolicyManagerApplication           : Started PolicyManagerApplication in 8.242 seconds (process running for 9.033)
2024-06-06T21:55:52.262+05:30  INFO 17964 --- [http-nio-8080-exec-1] o.a.c.c.C.[Tomcat].[localhost].[/]       : Initializing Spring DispatcherServlet 'dispatcherServlet'
2024-06-06T21:55:52.262+05:30  INFO 17964 --- [http-nio-8080-exec-1] o.s.web.servlet.DispatcherServlet        : Initializing Servlet 'dispatcherServlet'
2024-06-06T21:55:52.262+05:30  INFO 17964 --- [http-nio-8080-exec-1] o.s.web.servlet.DispatcherServlet        : Completed initialization in 0 ms
2024-06-06T21:55:52.669+05:30  INFO 17964 --- [http-nio-8080-exec-2] c.h.p.service.PolicyPaymentsServiceImp   : Fetching all payments
2024-06-06T21:57:54.406+05:30  INFO 17964 --- [http-nio-8080-exec-4] c.h.p.service.PolicyPaymentsServiceImp   : Fetching payment with ID: 53
2024-06-06T21:57:54.414+05:30  INFO 17964 --- [http-nio-8080-exec-4] c.h.p.service.PolicyPaymentsServiceImp   : Payment found
2024-06-06T21:58:05.502+05:30  INFO 17964 --- [http-nio-8080-exec-8] c.h.p.service.PolicyPaymentsServiceImp   : Fetching all payments
2024-06-06T21:59:16.059+05:30  INFO 17964 --- [http-nio-8080-exec-10] c.h.p.service.PolicyPaymentsServiceImp   : Fetching payment with ID: 102
2024-06-06T21:59:16.059+05:30  INFO 17964 --- [http-nio-8080-exec-10] c.h.p.service.PolicyPaymentsServiceImp   : Payment found
2024-06-06T21:59:29.978+05:30  INFO 17964 --- [http-nio-8080-exec-3] c.h.p.service.PolicyPaymentsServiceImp   : Fetching all payments
2024-06-06T22:01:23.450+05:30  INFO 17964 --- [http-nio-8080-exec-2] c.h.p.service.UserPoliciesServiceImp     : Fetching user policies for User ID: 10001
2024-06-06T22:01:23.468+05:30  INFO 17964 --- [http-nio-8080-exec-2] c.h.p.service.UserPoliciesServiceImp     : Fetched 5 user policies for User ID: 10001
2024-06-06T22:01:28.917+05:30  INFO 17964 --- [http-nio-8080-exec-5] c.h.p.service.PolicyPaymentsServiceImp   : Fetching payments by userId: 10001
2024-06-06T22:05:31.678+05:30  INFO 17964 --- [RMI TCP Connection(14)-127.0.0.1] inMXBeanRegistrar$SpringApplicationAdmin : Application shutdown requested.
2024-06-06T22:05:31.691+05:30  INFO 17964 --- [RMI TCP Connection(14)-127.0.0.1] o.apache.catalina.core.StandardService   : Stopping service [Tomcat]
2024-06-06T22:05:31.695+05:30  INFO 17964 --- [RMI TCP Connection(14)-127.0.0.1] o.a.c.c.C.[Tomcat].[localhost].[/]       : Destroying Spring FrameworkServlet 'dispatcherServlet'
2024-06-06T22:05:31.701+05:30  WARN 17964 --- [RMI TCP Connection(14)-127.0.0.1] o.a.c.loader.WebappClassLoaderBase       : The web application [ROOT] appears to have started a thread named [HikariPool-1 housekeeper] but has failed to stop it. This is very likely to create a memory leak. Stack trace of thread:
 java.base@17.0.9/jdk.internal.misc.Unsafe.park(Native Method)
 java.base@17.0.9/java.util.concurrent.locks.LockSupport.parkNanos(LockSupport.java:252)
 java.base@17.0.9/java.util.concurrent.locks.AbstractQueuedSynchronizer$ConditionObject.awaitNanos(AbstractQueuedSynchronizer.java:1672)
 java.base@17.0.9/java.util.concurrent.ScheduledThreadPoolExecutor$DelayedWorkQueue.take(ScheduledThreadPoolExecutor.java:1182)
 java.base@17.0.9/java.util.concurrent.ScheduledThreadPoolExecutor$DelayedWorkQueue.take(ScheduledThreadPoolExecutor.java:899)
 java.base@17.0.9/java.util.concurrent.ThreadPoolExecutor.getTask(ThreadPoolExecutor.java:1062)
 java.base@17.0.9/java.util.concurrent.ThreadPoolExecutor.runWorker(ThreadPoolExecutor.java:1122)
 java.base@17.0.9/java.util.concurrent.ThreadPoolExecutor$Worker.run(ThreadPoolExecutor.java:635)
 java.base@17.0.9/java.lang.Thread.run(Thread.java:840)
2024-06-06T22:05:31.714+05:30  INFO 17964 --- [RMI TCP Connection(14)-127.0.0.1] j.LocalContainerEntityManagerFactoryBean : Closing JPA EntityManagerFactory for persistence unit 'default'
2024-06-06T22:05:31.718+05:30  INFO 17964 --- [RMI TCP Connection(14)-127.0.0.1] com.zaxxer.hikari.HikariDataSource       : HikariPool-1 - Shutdown initiated...
2024-06-06T22:05:31.734+05:30  INFO 17964 --- [RMI TCP Connection(14)-127.0.0.1] com.zaxxer.hikari.HikariDataSource       : HikariPool-1 - Shutdown completed.
2024-06-06T22:05:34.962+05:30  INFO 15880 --- [main] c.h.p.PolicyManagerApplication           : Starting PolicyManagerApplication using Java 17.0.9 with PID 15880 (D:\PolicyManager\target\classes started by Prasanna in D:\PolicyManager)
2024-06-06T22:05:34.966+05:30  INFO 15880 --- [main] c.h.p.PolicyManagerApplication           : No active profile set, falling back to 1 default profile: "default"
2024-06-06T22:05:35.955+05:30  INFO 15880 --- [main] .s.d.r.c.RepositoryConfigurationDelegate : Bootstrapping Spring Data JPA repositories in DEFAULT mode.
2024-06-06T22:05:36.059+05:30  INFO 15880 --- [main] .s.d.r.c.RepositoryConfigurationDelegate : Finished Spring Data repository scanning in 92 ms. Found 7 JPA repository interfaces.
2024-06-06T22:05:36.799+05:30  INFO 15880 --- [main] o.s.b.w.embedded.tomcat.TomcatWebServer  : Tomcat initialized with port(s): 8080 (http)
2024-06-06T22:05:36.811+05:30  INFO 15880 --- [main] o.apache.catalina.core.StandardService   : Starting service [Tomcat]
2024-06-06T22:05:36.812+05:30  INFO 15880 --- [main] o.apache.catalina.core.StandardEngine    : Starting Servlet engine: [Apache Tomcat/10.1.4]
2024-06-06T22:05:36.940+05:30  INFO 15880 --- [main] o.a.c.c.C.[Tomcat].[localhost].[/]       : Initializing Spring embedded WebApplicationContext
2024-06-06T22:05:36.941+05:30  INFO 15880 --- [main] w.s.c.ServletWebServerApplicationContext : Root WebApplicationContext: initialization completed in 1915 ms
2024-06-06T22:05:37.137+05:30  INFO 15880 --- [main] o.hibernate.jpa.internal.util.LogHelper  : HHH000204: Processing PersistenceUnitInfo [name: default]
2024-06-06T22:05:37.210+05:30  INFO 15880 --- [main] org.hibernate.Version                    : HHH000412: Hibernate ORM core version 6.1.6.Final
2024-06-06T22:05:37.495+05:30  WARN 15880 --- [main] org.hibernate.orm.deprecation            : HHH90000021: Encountered deprecated setting [javax.persistence.sharedCache.mode], use [jakarta.persistence.sharedCache.mode] instead
2024-06-06T22:05:37.719+05:30  INFO 15880 --- [main] com.zaxxer.hikari.HikariDataSource       : HikariPool-1 - Starting...
2024-06-06T22:05:38.343+05:30  INFO 15880 --- [main] com.zaxxer.hikari.pool.HikariPool        : HikariPool-1 - Added connection com.mysql.cj.jdbc.ConnectionImpl@2beee3e8
2024-06-06T22:05:38.349+05:30  INFO 15880 --- [main] com.zaxxer.hikari.HikariDataSource       : HikariPool-1 - Start completed.
2024-06-06T22:05:38.463+05:30  INFO 15880 --- [main] SQL dialect                              : HHH000400: Using dialect: org.hibernate.dialect.MySQLDialect
2024-06-06T22:05:40.437+05:30  INFO 15880 --- [main] o.h.e.t.j.p.i.JtaPlatformInitiator       : HHH000490: Using JtaPlatform implementation: [org.hibernate.engine.transaction.jta.platform.internal.NoJtaPlatform]
2024-06-06T22:05:40.451+05:30  INFO 15880 --- [main] j.LocalContainerEntityManagerFactoryBean : Initialized JPA EntityManagerFactory for persistence unit 'default'
2024-06-06T22:05:42.365+05:30  WARN 15880 --- [main] JpaBaseConfiguration$JpaWebConfiguration : spring.jpa.open-in-view is enabled by default. Therefore, database queries may be performed during view rendering. Explicitly configure spring.jpa.open-in-view to disable this warning
2024-06-06T22:05:43.438+05:30  INFO 15880 --- [main] o.s.s.web.DefaultSecurityFilterChain     : Will secure any request with [org.springframework.security.web.session.DisableEncodeUrlFilter@5a349644, org.springframework.security.web.context.request.async.WebAsyncManagerIntegrationFilter@42b6acc2, org.springframework.security.web.context.SecurityContextHolderFilter@6d86d1ad, org.springframework.security.web.header.HeaderWriterFilter@3d0f2154, org.springframework.web.filter.CorsFilter@719e8f9f, org.springframework.security.web.authentication.logout.LogoutFilter@3ab7b0f, com.hexaware.policymanager.filter.JwtAuthFilter@7c7d83ff, org.springframework.security.web.savedrequest.RequestCacheAwareFilter@51b1732d, org.springframework.security.web.servletapi.SecurityContextHolderAwareRequestFilter@65b639e1, org.springframework.security.web.authentication.AnonymousAuthenticationFilter@3de8e614, org.springframework.security.web.session.SessionManagementFilter@6d4f1a44, org.springframework.security.web.access.ExceptionTranslationFilter@3ea4dcc5, org.springframework.security.web.access.intercept.AuthorizationFilter@3705e3fb]
2024-06-06T22:05:43.925+05:30  INFO 15880 --- [main] o.s.b.w.embedded.tomcat.TomcatWebServer  : Tomcat started on port(s): 8080 (http) with context path ''
2024-06-06T22:05:43.941+05:30  INFO 15880 --- [main] c.h.p.PolicyManagerApplication           : Started PolicyManagerApplication in 9.484 seconds (process running for 10.405)
2024-06-06T22:06:04.042+05:30  INFO 15880 --- [http-nio-8080-exec-1] o.a.c.c.C.[Tomcat].[localhost].[/]       : Initializing Spring DispatcherServlet 'dispatcherServlet'
2024-06-06T22:06:04.043+05:30  INFO 15880 --- [http-nio-8080-exec-1] o.s.web.servlet.DispatcherServlet        : Initializing Servlet 'dispatcherServlet'
2024-06-06T22:06:04.044+05:30  INFO 15880 --- [http-nio-8080-exec-1] o.s.web.servlet.DispatcherServlet        : Completed initialization in 1 ms
2024-06-06T22:07:49.130+05:30  INFO 15880 --- [RMI TCP Connection(4)-127.0.0.1] inMXBeanRegistrar$SpringApplicationAdmin : Application shutdown requested.
2024-06-06T22:07:49.143+05:30  INFO 15880 --- [RMI TCP Connection(4)-127.0.0.1] o.apache.catalina.core.StandardService   : Stopping service [Tomcat]
2024-06-06T22:07:49.145+05:30  INFO 15880 --- [RMI TCP Connection(4)-127.0.0.1] o.a.c.c.C.[Tomcat].[localhost].[/]       : Destroying Spring FrameworkServlet 'dispatcherServlet'
2024-06-06T22:07:49.150+05:30  WARN 15880 --- [RMI TCP Connection(4)-127.0.0.1] o.a.c.loader.WebappClassLoaderBase       : The web application [ROOT] appears to have started a thread named [HikariPool-1 housekeeper] but has failed to stop it. This is very likely to create a memory leak. Stack trace of thread:
 java.base@17.0.9/jdk.internal.misc.Unsafe.park(Native Method)
 java.base@17.0.9/java.util.concurrent.locks.LockSupport.parkNanos(LockSupport.java:252)
 java.base@17.0.9/java.util.concurrent.locks.AbstractQueuedSynchronizer$ConditionObject.awaitNanos(AbstractQueuedSynchronizer.java:1672)
 java.base@17.0.9/java.util.concurrent.ScheduledThreadPoolExecutor$DelayedWorkQueue.take(ScheduledThreadPoolExecutor.java:1182)
 java.base@17.0.9/java.util.concurrent.ScheduledThreadPoolExecutor$DelayedWorkQueue.take(ScheduledThreadPoolExecutor.java:899)
 java.base@17.0.9/java.util.concurrent.ThreadPoolExecutor.getTask(ThreadPoolExecutor.java:1062)
 java.base@17.0.9/java.util.concurrent.ThreadPoolExecutor.runWorker(ThreadPoolExecutor.java:1122)
 java.base@17.0.9/java.util.concurrent.ThreadPoolExecutor$Worker.run(ThreadPoolExecutor.java:635)
 java.base@17.0.9/java.lang.Thread.run(Thread.java:840)
2024-06-06T22:07:49.167+05:30  INFO 15880 --- [RMI TCP Connection(4)-127.0.0.1] j.LocalContainerEntityManagerFactoryBean : Closing JPA EntityManagerFactory for persistence unit 'default'
2024-06-06T22:07:49.170+05:30  INFO 15880 --- [RMI TCP Connection(4)-127.0.0.1] com.zaxxer.hikari.HikariDataSource       : HikariPool-1 - Shutdown initiated...
2024-06-06T22:07:49.186+05:30  INFO 15880 --- [RMI TCP Connection(4)-127.0.0.1] com.zaxxer.hikari.HikariDataSource       : HikariPool-1 - Shutdown completed.
2024-06-06T22:07:52.383+05:30  INFO 16448 --- [main] c.h.p.PolicyManagerApplication           : Starting PolicyManagerApplication using Java 17.0.9 with PID 16448 (D:\PolicyManager\target\classes started by Prasanna in D:\PolicyManager)
2024-06-06T22:07:52.387+05:30  INFO 16448 --- [main] c.h.p.PolicyManagerApplication           : No active profile set, falling back to 1 default profile: "default"
2024-06-06T22:07:53.224+05:30  INFO 16448 --- [main] .s.d.r.c.RepositoryConfigurationDelegate : Bootstrapping Spring Data JPA repositories in DEFAULT mode.
2024-06-06T22:07:53.345+05:30  INFO 16448 --- [main] .s.d.r.c.RepositoryConfigurationDelegate : Finished Spring Data repository scanning in 109 ms. Found 7 JPA repository interfaces.
2024-06-06T22:07:54.000+05:30  INFO 16448 --- [main] o.s.b.w.embedded.tomcat.TomcatWebServer  : Tomcat initialized with port(s): 8080 (http)
2024-06-06T22:07:54.014+05:30  INFO 16448 --- [main] o.apache.catalina.core.StandardService   : Starting service [Tomcat]
2024-06-06T22:07:54.015+05:30  INFO 16448 --- [main] o.apache.catalina.core.StandardEngine    : Starting Servlet engine: [Apache Tomcat/10.1.4]
2024-06-06T22:07:54.124+05:30  INFO 16448 --- [main] o.a.c.c.C.[Tomcat].[localhost].[/]       : Initializing Spring embedded WebApplicationContext
2024-06-06T22:07:54.124+05:30  INFO 16448 --- [main] w.s.c.ServletWebServerApplicationContext : Root WebApplicationContext: initialization completed in 1683 ms
2024-06-06T22:07:54.294+05:30  INFO 16448 --- [main] o.hibernate.jpa.internal.util.LogHelper  : HHH000204: Processing PersistenceUnitInfo [name: default]
2024-06-06T22:07:54.356+05:30  INFO 16448 --- [main] org.hibernate.Version                    : HHH000412: Hibernate ORM core version 6.1.6.Final
2024-06-06T22:07:54.523+05:30  WARN 16448 --- [main] org.hibernate.orm.deprecation            : HHH90000021: Encountered deprecated setting [javax.persistence.sharedCache.mode], use [jakarta.persistence.sharedCache.mode] instead
2024-06-06T22:07:54.652+05:30  INFO 16448 --- [main] com.zaxxer.hikari.HikariDataSource       : HikariPool-1 - Starting...
2024-06-06T22:07:55.025+05:30  INFO 16448 --- [main] com.zaxxer.hikari.pool.HikariPool        : HikariPool-1 - Added connection com.mysql.cj.jdbc.ConnectionImpl@4ec427
2024-06-06T22:07:55.028+05:30  INFO 16448 --- [main] com.zaxxer.hikari.HikariDataSource       : HikariPool-1 - Start completed.
2024-06-06T22:07:55.107+05:30  INFO 16448 --- [main] SQL dialect                              : HHH000400: Using dialect: org.hibernate.dialect.MySQLDialect
2024-06-06T22:07:56.562+05:30  INFO 16448 --- [main] o.h.e.t.j.p.i.JtaPlatformInitiator       : HHH000490: Using JtaPlatform implementation: [org.hibernate.engine.transaction.jta.platform.internal.NoJtaPlatform]
2024-06-06T22:07:56.573+05:30  INFO 16448 --- [main] j.LocalContainerEntityManagerFactoryBean : Initialized JPA EntityManagerFactory for persistence unit 'default'
2024-06-06T22:07:57.840+05:30  WARN 16448 --- [main] JpaBaseConfiguration$JpaWebConfiguration : spring.jpa.open-in-view is enabled by default. Therefore, database queries may be performed during view rendering. Explicitly configure spring.jpa.open-in-view to disable this warning
2024-06-06T22:07:58.808+05:30  INFO 16448 --- [main] o.s.s.web.DefaultSecurityFilterChain     : Will secure any request with [org.springframework.security.web.session.DisableEncodeUrlFilter@adc06b2, org.springframework.security.web.context.request.async.WebAsyncManagerIntegrationFilter@728cf276, org.springframework.security.web.context.SecurityContextHolderFilter@3d0f2154, org.springframework.security.web.header.HeaderWriterFilter@5d96b0f, org.springframework.web.filter.CorsFilter@32a541a8, org.springframework.security.web.authentication.logout.LogoutFilter@771deee6, com.hexaware.policymanager.filter.JwtAuthFilter@4ac2b4c6, org.springframework.security.web.savedrequest.RequestCacheAwareFilter@106dee26, org.springframework.security.web.servletapi.SecurityContextHolderAwareRequestFilter@6b0aa757, org.springframework.security.web.authentication.AnonymousAuthenticationFilter@66f15ce5, org.springframework.security.web.session.SessionManagementFilter@5b1dd206, org.springframework.security.web.access.ExceptionTranslationFilter@4a23be9, org.springframework.security.web.access.intercept.AuthorizationFilter@4ac64dc2]
2024-06-06T22:07:59.173+05:30  INFO 16448 --- [main] o.s.b.w.embedded.tomcat.TomcatWebServer  : Tomcat started on port(s): 8080 (http) with context path ''
2024-06-06T22:07:59.184+05:30  INFO 16448 --- [main] c.h.p.PolicyManagerApplication           : Started PolicyManagerApplication in 7.249 seconds (process running for 8.044)
2024-06-06T22:08:08.082+05:30  INFO 16448 --- [http-nio-8080-exec-1] o.a.c.c.C.[Tomcat].[localhost].[/]       : Initializing Spring DispatcherServlet 'dispatcherServlet'
2024-06-06T22:08:08.083+05:30  INFO 16448 --- [http-nio-8080-exec-1] o.s.web.servlet.DispatcherServlet        : Initializing Servlet 'dispatcherServlet'
2024-06-06T22:08:08.084+05:30  INFO 16448 --- [http-nio-8080-exec-1] o.s.web.servlet.DispatcherServlet        : Completed initialization in 1 ms
2024-06-06T22:08:08.394+05:30  INFO 16448 --- [http-nio-8080-exec-2] c.h.p.service.PolicyPaymentsServiceImp   : Fetching payments by date: 2024-03-22
2024-06-06T22:10:55.878+05:30  INFO 16448 --- [RMI TCP Connection(6)-127.0.0.1] inMXBeanRegistrar$SpringApplicationAdmin : Application shutdown requested.
2024-06-06T22:10:55.891+05:30  INFO 16448 --- [RMI TCP Connection(6)-127.0.0.1] o.apache.catalina.core.StandardService   : Stopping service [Tomcat]
2024-06-06T22:10:55.892+05:30  INFO 16448 --- [RMI TCP Connection(6)-127.0.0.1] o.a.c.c.C.[Tomcat].[localhost].[/]       : Destroying Spring FrameworkServlet 'dispatcherServlet'
2024-06-06T22:10:55.895+05:30  WARN 16448 --- [RMI TCP Connection(6)-127.0.0.1] o.a.c.loader.WebappClassLoaderBase       : The web application [ROOT] appears to have started a thread named [HikariPool-1 housekeeper] but has failed to stop it. This is very likely to create a memory leak. Stack trace of thread:
 java.base@17.0.9/jdk.internal.misc.Unsafe.park(Native Method)
 java.base@17.0.9/java.util.concurrent.locks.LockSupport.parkNanos(LockSupport.java:252)
 java.base@17.0.9/java.util.concurrent.locks.AbstractQueuedSynchronizer$ConditionObject.awaitNanos(AbstractQueuedSynchronizer.java:1672)
 java.base@17.0.9/java.util.concurrent.ScheduledThreadPoolExecutor$DelayedWorkQueue.take(ScheduledThreadPoolExecutor.java:1182)
 java.base@17.0.9/java.util.concurrent.ScheduledThreadPoolExecutor$DelayedWorkQueue.take(ScheduledThreadPoolExecutor.java:899)
 java.base@17.0.9/java.util.concurrent.ThreadPoolExecutor.getTask(ThreadPoolExecutor.java:1062)
 java.base@17.0.9/java.util.concurrent.ThreadPoolExecutor.runWorker(ThreadPoolExecutor.java:1122)
 java.base@17.0.9/java.util.concurrent.ThreadPoolExecutor$Worker.run(ThreadPoolExecutor.java:635)
 java.base@17.0.9/java.lang.Thread.run(Thread.java:840)
2024-06-06T22:10:55.903+05:30  INFO 16448 --- [RMI TCP Connection(6)-127.0.0.1] j.LocalContainerEntityManagerFactoryBean : Closing JPA EntityManagerFactory for persistence unit 'default'
2024-06-06T22:10:55.905+05:30  INFO 16448 --- [RMI TCP Connection(6)-127.0.0.1] com.zaxxer.hikari.HikariDataSource       : HikariPool-1 - Shutdown initiated...
2024-06-06T22:10:55.914+05:30  INFO 16448 --- [RMI TCP Connection(6)-127.0.0.1] com.zaxxer.hikari.HikariDataSource       : HikariPool-1 - Shutdown completed.
2024-06-06T22:10:59.046+05:30  INFO 23896 --- [main] c.h.p.PolicyManagerApplication           : Starting PolicyManagerApplication using Java 17.0.9 with PID 23896 (D:\PolicyManager\target\classes started by Prasanna in D:\PolicyManager)
2024-06-06T22:10:59.050+05:30  INFO 23896 --- [main] c.h.p.PolicyManagerApplication           : No active profile set, falling back to 1 default profile: "default"
2024-06-06T22:10:59.945+05:30  INFO 23896 --- [main] .s.d.r.c.RepositoryConfigurationDelegate : Bootstrapping Spring Data JPA repositories in DEFAULT mode.
2024-06-06T22:11:00.044+05:30  INFO 23896 --- [main] .s.d.r.c.RepositoryConfigurationDelegate : Finished Spring Data repository scanning in 83 ms. Found 7 JPA repository interfaces.
2024-06-06T22:11:00.672+05:30  INFO 23896 --- [main] o.s.b.w.embedded.tomcat.TomcatWebServer  : Tomcat initialized with port(s): 8080 (http)
2024-06-06T22:11:00.682+05:30  INFO 23896 --- [main] o.apache.catalina.core.StandardService   : Starting service [Tomcat]
2024-06-06T22:11:00.683+05:30  INFO 23896 --- [main] o.apache.catalina.core.StandardEngine    : Starting Servlet engine: [Apache Tomcat/10.1.4]
2024-06-06T22:11:00.801+05:30  INFO 23896 --- [main] o.a.c.c.C.[Tomcat].[localhost].[/]       : Initializing Spring embedded WebApplicationContext
2024-06-06T22:11:00.801+05:30  INFO 23896 --- [main] w.s.c.ServletWebServerApplicationContext : Root WebApplicationContext: initialization completed in 1690 ms
2024-06-06T22:11:00.949+05:30  INFO 23896 --- [main] o.hibernate.jpa.internal.util.LogHelper  : HHH000204: Processing PersistenceUnitInfo [name: default]
2024-06-06T22:11:01.011+05:30  INFO 23896 --- [main] org.hibernate.Version                    : HHH000412: Hibernate ORM core version 6.1.6.Final
2024-06-06T22:11:01.163+05:30  WARN 23896 --- [main] org.hibernate.orm.deprecation            : HHH90000021: Encountered deprecated setting [javax.persistence.sharedCache.mode], use [jakarta.persistence.sharedCache.mode] instead
2024-06-06T22:11:01.281+05:30  INFO 23896 --- [main] com.zaxxer.hikari.HikariDataSource       : HikariPool-1 - Starting...
2024-06-06T22:11:01.645+05:30  INFO 23896 --- [main] com.zaxxer.hikari.pool.HikariPool        : HikariPool-1 - Added connection com.mysql.cj.jdbc.ConnectionImpl@732d078d
2024-06-06T22:11:01.647+05:30  INFO 23896 --- [main] com.zaxxer.hikari.HikariDataSource       : HikariPool-1 - Start completed.
2024-06-06T22:11:01.720+05:30  INFO 23896 --- [main] SQL dialect                              : HHH000400: Using dialect: org.hibernate.dialect.MySQLDialect
2024-06-06T22:11:02.922+05:30  INFO 23896 --- [main] o.h.e.t.j.p.i.JtaPlatformInitiator       : HHH000490: Using JtaPlatform implementation: [org.hibernate.engine.transaction.jta.platform.internal.NoJtaPlatform]
2024-06-06T22:11:02.933+05:30  INFO 23896 --- [main] j.LocalContainerEntityManagerFactoryBean : Initialized JPA EntityManagerFactory for persistence unit 'default'
2024-06-06T22:11:04.112+05:30  WARN 23896 --- [main] JpaBaseConfiguration$JpaWebConfiguration : spring.jpa.open-in-view is enabled by default. Therefore, database queries may be performed during view rendering. Explicitly configure spring.jpa.open-in-view to disable this warning
2024-06-06T22:11:04.915+05:30  INFO 23896 --- [main] o.s.s.web.DefaultSecurityFilterChain     : Will secure any request with [org.springframework.security.web.session.DisableEncodeUrlFilter@3705e3fb, org.springframework.security.web.context.request.async.WebAsyncManagerIntegrationFilter@cfe7be3, org.springframework.security.web.context.SecurityContextHolderFilter@6d4f1a44, org.springframework.security.web.header.HeaderWriterFilter@5b1dd206, org.springframework.web.filter.CorsFilter@5122387, org.springframework.security.web.authentication.logout.LogoutFilter@728cf276, com.hexaware.policymanager.filter.JwtAuthFilter@4b0df349, org.springframework.security.web.savedrequest.RequestCacheAwareFilter@6deb2b19, org.springframework.security.web.servletapi.SecurityContextHolderAwareRequestFilter@6d86d1ad, org.springframework.security.web.authentication.AnonymousAuthenticationFilter@4c0d7878, org.springframework.security.web.session.SessionManagementFilter@3208e15, org.springframework.security.web.access.ExceptionTranslationFilter@12ebfc66, org.springframework.security.web.access.intercept.AuthorizationFilter@1435feb6]
2024-06-06T22:11:05.275+05:30  INFO 23896 --- [main] o.s.b.w.embedded.tomcat.TomcatWebServer  : Tomcat started on port(s): 8080 (http) with context path ''
2024-06-06T22:11:05.287+05:30  INFO 23896 --- [main] c.h.p.PolicyManagerApplication           : Started PolicyManagerApplication in 6.713 seconds (process running for 7.591)
2024-06-06T22:11:19.527+05:30  INFO 23896 --- [http-nio-8080-exec-1] o.a.c.c.C.[Tomcat].[localhost].[/]       : Initializing Spring DispatcherServlet 'dispatcherServlet'
2024-06-06T22:11:19.527+05:30  INFO 23896 --- [http-nio-8080-exec-1] o.s.web.servlet.DispatcherServlet        : Initializing Servlet 'dispatcherServlet'
2024-06-06T22:11:19.527+05:30  INFO 23896 --- [http-nio-8080-exec-1] o.s.web.servlet.DispatcherServlet        : Completed initialization in 0 ms
2024-06-06T22:11:19.866+05:30  INFO 23896 --- [http-nio-8080-exec-2] c.h.p.service.UserPoliciesServiceImp     : Fetching user policies for User ID: 10001
2024-06-06T22:11:19.882+05:30  INFO 23896 --- [http-nio-8080-exec-2] c.h.p.service.UserPoliciesServiceImp     : Fetched 5 user policies for User ID: 10001
2024-06-06T22:11:41.754+05:30  INFO 23896 --- [http-nio-8080-exec-4] c.h.p.service.PoliciesServiceImp         : retrived all policies succesfully [Policies [policyId=100000, policyName=Bala Baalika Yojana, policyDescription=A Saving plan designed to secure your child's education., company=Bajaj Insurance, policyType=Child Plans, initialDeposit=50000.0, termPeriod=Half-Yearly, termAmount=1800.0, interest=1.0, eligibleUserTypes=[A, B, C]], Policies [policyId=100001, policyName=Vahana Bhadratha, policyDescription=Provides Vehicle Insurance., company=Exide , policyType=Vehicle Insurance, initialDeposit=70000.0, termPeriod=Half-Yearly, termAmount=2000.0, interest=0.5, eligibleUserTypes=[A, B, C, D]], Policies [policyId=100002, policyName=MediCare, policyDescription=The best insurance policy for your health for the secured future., company=Bajaj Insurance, policyType=Health Insurance, initialDeposit=100000.0, termPeriod=Half-Yearly, termAmount=3000.0, interest=1.0, eligibleUserTypes=[C, D, A]], Policies [policyId=100003, policyName=Term Life Protection Plan, policyDescription=This policy provides coverage for to your loved ones in the event of your death, during the term of policy., company=LIC, policyType=Life Insurance, initialDeposit=50000.0, termPeriod=Annually, termAmount=6000.0, interest=1.0, eligibleUserTypes=[A, B, C, D]], Policies [policyId=100004, policyName=Federal Insurnace, policyDescription=Helps you build a corpus for a comfortable retirement with regular contributions and tax benefits., company=LIC, policyType=Retirement Plans, initialDeposit=80000.0, termPeriod=Half-Yearly, termAmount=5000.0, interest=1.0, eligibleUserTypes=[A, B, C, D]], Policies [policyId=100005, policyName=Comprehensive Travel Protection, policyDescription=This policy offers extensive coverage for various travel related risks., company=Travel Guard, policyType=Travel Insurance, initialDeposit=90000.0, termPeriod=Quarterly, termAmount=6000.0, interest=0.3, eligibleUserTypes=[A, B, C, D]], Policies [policyId=100006, policyName=International Travel Insurance, policyDescription=Covers medical emergencies, trip cancellations, lost luggage, and other unforeseen events during international travel., company=HDFC Life Insurance, policyType=Travel Insurance, initialDeposit=100000.0, termPeriod=Half-Yearly, termAmount=3000.0, interest=1.0, eligibleUserTypes=[A, B, C, D]], Policies [policyId=100007, policyName=Critical Illness Insurance , policyDescription= Pays a lump sum amount upon diagnosis of critical illnesses like cancer, heart attack, or stroke, to cover treatment expenses and loss of income., company=Bajaj Allianz Life Insurance, policyType=Health Insurance, initialDeposit=50000.0, termPeriod=Quarterly, termAmount=1800.0, interest=1.0, eligibleUserTypes=[A, C, D]], Policies [policyId=100008, policyName=Child Marriage Plan, policyDescription=Helps parents save for their child's marriage expenses by providing a lump sum amount at the policy's maturity., company=Tata AIA Life Insurance, policyType=Child Plans, initialDeposit=62000.0, termPeriod=Quarterly, termAmount=5000.0, interest=1.0, eligibleUserTypes=[C, D, A]], Policies [policyId=100010, policyName=Zero Depreciation Car Insurance, policyDescription=Provides coverage for the full value of repairs or replacement parts without factoring in depreciation, resulting in higher claim payouts., company=SBI Life Insurance, policyType=Life Insurance, initialDeposit=70000.0, termPeriod=Half-Yearly, termAmount=5000.0, interest=2.0, eligibleUserTypes=[A, B, C, D]], Policies [policyId=100011, policyName=Endowment Plans, policyDescription=Provide both life cover and savings over a specified period, offering maturity benefits if the policyholder survives the term or death benefits to nominees in case of demise., company=PNB MetLife India Insurance , policyType=Life Insurance, initialDeposit=89000.0, termPeriod=Quarterly, termAmount=4000.0, interest=2.0, eligibleUserTypes=[A, B, C, D]]]
2024-06-06T22:11:55.959+05:30  INFO 23896 --- [http-nio-8080-exec-7] c.h.p.service.UserPoliciesServiceImp     : Fetching user policies for User ID: 10001
2024-06-06T22:11:55.979+05:30  INFO 23896 --- [http-nio-8080-exec-7] c.h.p.service.UserPoliciesServiceImp     : Fetched 5 user policies for User ID: 10001
2024-06-06T22:12:56.555+05:30  INFO 23896 --- [http-nio-8080-exec-2] c.h.p.service.UserPoliciesServiceImp     : Fetching all user policies
2024-06-06T22:12:56.602+05:30  INFO 23896 --- [http-nio-8080-exec-2] c.h.p.service.UserPoliciesServiceImp     : Fetched 17 user policies
2024-06-06T22:13:05.226+05:30  INFO 23896 --- [http-nio-8080-exec-5] c.h.p.service.UserPoliciesServiceImp     : Updating user policy with ID: 40000
2024-06-06T22:13:05.242+05:30  INFO 23896 --- [http-nio-8080-exec-5] c.h.p.service.UserPoliciesServiceImp     : User policy updated successfully
2024-06-06T22:13:05.443+05:30  INFO 23896 --- [http-nio-8080-exec-7] c.h.p.service.UserPoliciesServiceImp     : Fetching all user policies
2024-06-06T22:13:05.474+05:30  INFO 23896 --- [http-nio-8080-exec-7] c.h.p.service.UserPoliciesServiceImp     : Fetched 17 user policies
2024-06-06T22:13:44.620+05:30  INFO 23896 --- [http-nio-8080-exec-10] c.h.p.service.UserPoliciesServiceImp     : Fetching user policy with ID: 40000
2024-06-06T22:13:49.190+05:30  INFO 23896 --- [http-nio-8080-exec-2] c.h.p.service.UserPoliciesServiceImp     : Fetching all user policies
2024-06-06T22:13:49.230+05:30  INFO 23896 --- [http-nio-8080-exec-2] c.h.p.service.UserPoliciesServiceImp     : Fetched 17 user policies
2024-06-06T22:13:58.098+05:30  INFO 23896 --- [http-nio-8080-exec-5] c.h.p.service.UserPoliciesServiceImp     : Fetching user policies for User ID: 10006
2024-06-06T22:13:58.129+05:30  INFO 23896 --- [http-nio-8080-exec-5] c.h.p.service.UserPoliciesServiceImp     : Fetched 5 user policies for User ID: 10006
2024-06-06T22:31:58.925+05:30  WARN 23896 --- [HikariPool-1 housekeeper] com.zaxxer.hikari.pool.HikariPool        : HikariPool-1 - Thread starvation or clock leap detected (housekeeper delta=1m56s868ms900s900ns).
2024-06-06T22:45:55.316+05:30  INFO 23896 --- [RMI TCP Connection(37)-127.0.0.1] inMXBeanRegistrar$SpringApplicationAdmin : Application shutdown requested.
2024-06-06T22:45:55.477+05:30  INFO 23896 --- [RMI TCP Connection(37)-127.0.0.1] o.apache.catalina.core.StandardService   : Stopping service [Tomcat]
2024-06-06T22:45:55.493+05:30  INFO 23896 --- [RMI TCP Connection(37)-127.0.0.1] o.a.c.c.C.[Tomcat].[localhost].[/]       : Destroying Spring FrameworkServlet 'dispatcherServlet'
2024-06-06T22:45:55.528+05:30  WARN 23896 --- [RMI TCP Connection(37)-127.0.0.1] o.a.c.loader.WebappClassLoaderBase       : The web application [ROOT] appears to have started a thread named [HikariPool-1 housekeeper] but has failed to stop it. This is very likely to create a memory leak. Stack trace of thread:
 java.base@17.0.9/jdk.internal.misc.Unsafe.park(Native Method)
 java.base@17.0.9/java.util.concurrent.locks.LockSupport.parkNanos(LockSupport.java:252)
 java.base@17.0.9/java.util.concurrent.locks.AbstractQueuedSynchronizer$ConditionObject.awaitNanos(AbstractQueuedSynchronizer.java:1672)
 java.base@17.0.9/java.util.concurrent.ScheduledThreadPoolExecutor$DelayedWorkQueue.take(ScheduledThreadPoolExecutor.java:1182)
 java.base@17.0.9/java.util.concurrent.ScheduledThreadPoolExecutor$DelayedWorkQueue.take(ScheduledThreadPoolExecutor.java:899)
 java.base@17.0.9/java.util.concurrent.ThreadPoolExecutor.getTask(ThreadPoolExecutor.java:1062)
 java.base@17.0.9/java.util.concurrent.ThreadPoolExecutor.runWorker(ThreadPoolExecutor.java:1122)
 java.base@17.0.9/java.util.concurrent.ThreadPoolExecutor$Worker.run(ThreadPoolExecutor.java:635)
 java.base@17.0.9/java.lang.Thread.run(Thread.java:840)
2024-06-06T22:45:55.587+05:30  INFO 23896 --- [RMI TCP Connection(37)-127.0.0.1] j.LocalContainerEntityManagerFactoryBean : Closing JPA EntityManagerFactory for persistence unit 'default'
2024-06-06T22:45:55.622+05:30  INFO 23896 --- [RMI TCP Connection(37)-127.0.0.1] com.zaxxer.hikari.HikariDataSource       : HikariPool-1 - Shutdown initiated...
2024-06-06T22:45:55.630+05:30  INFO 23896 --- [RMI TCP Connection(37)-127.0.0.1] com.zaxxer.hikari.HikariDataSource       : HikariPool-1 - Shutdown completed.
