2024-03-17T00:22:08.536+05:30  INFO 23112 --- [RMI TCP Connection(69)-127.0.0.1] inMXBeanRegistrar$SpringApplicationAdmin : Application shutdown requested.
2024-03-17T00:22:09.496+05:30  INFO 23112 --- [RMI TCP Connection(69)-127.0.0.1] o.apache.catalina.core.StandardService   : Stopping service [Tomcat]
2024-03-17T00:22:09.598+05:30  WARN 23112 --- [RMI TCP Connection(69)-127.0.0.1] o.a.c.loader.WebappClassLoaderBase       : The web application [ROOT] appears to have started a thread named [HikariPool-1 housekeeper] but has failed to stop it. This is very likely to create a memory leak. Stack trace of thread:
 java.base@17.0.9/jdk.internal.misc.Unsafe.park(Native Method)
 java.base@17.0.9/java.util.concurrent.locks.LockSupport.parkNanos(LockSupport.java:252)
 java.base@17.0.9/java.util.concurrent.locks.AbstractQueuedSynchronizer$ConditionObject.awaitNanos(AbstractQueuedSynchronizer.java:1672)
 java.base@17.0.9/java.util.concurrent.ScheduledThreadPoolExecutor$DelayedWorkQueue.take(ScheduledThreadPoolExecutor.java:1182)
 java.base@17.0.9/java.util.concurrent.ScheduledThreadPoolExecutor$DelayedWorkQueue.take(ScheduledThreadPoolExecutor.java:899)
 java.base@17.0.9/java.util.concurrent.ThreadPoolExecutor.getTask(ThreadPoolExecutor.java:1062)
 java.base@17.0.9/java.util.concurrent.ThreadPoolExecutor.runWorker(ThreadPoolExecutor.java:1122)
 java.base@17.0.9/java.util.concurrent.ThreadPoolExecutor$Worker.run(ThreadPoolExecutor.java:635)
 java.base@17.0.9/java.lang.Thread.run(Thread.java:840)
2024-03-17T00:22:09.796+05:30  INFO 23112 --- [RMI TCP Connection(69)-127.0.0.1] j.LocalContainerEntityManagerFactoryBean : Closing JPA EntityManagerFactory for persistence unit 'default'
2024-03-17T00:22:09.927+05:30  INFO 23112 --- [RMI TCP Connection(69)-127.0.0.1] com.zaxxer.hikari.HikariDataSource       : HikariPool-1 - Shutdown initiated...
2024-03-17T00:22:10.295+05:30  INFO 23112 --- [RMI TCP Connection(69)-127.0.0.1] com.zaxxer.hikari.HikariDataSource       : HikariPool-1 - Shutdown completed.
2024-03-17T00:22:17.625+05:30  INFO 25660 --- [main] c.h.p.PolicyManagerApplication           : Starting PolicyManagerApplication using Java 17.0.9 with PID 25660 (D:\PolicyManager\target\classes started by Prasanna in D:\PolicyManager)
2024-03-17T00:22:17.636+05:30  INFO 25660 --- [main] c.h.p.PolicyManagerApplication           : No active profile set, falling back to 1 default profile: "default"
2024-03-17T00:22:19.388+05:30  INFO 25660 --- [main] .s.d.r.c.RepositoryConfigurationDelegate : Bootstrapping Spring Data JPA repositories in DEFAULT mode.
2024-03-17T00:22:19.518+05:30  INFO 25660 --- [main] .s.d.r.c.RepositoryConfigurationDelegate : Finished Spring Data repository scanning in 118 ms. Found 7 JPA repository interfaces.
2024-03-17T00:22:20.575+05:30  INFO 25660 --- [main] o.s.b.w.embedded.tomcat.TomcatWebServer  : Tomcat initialized with port(s): 8080 (http)
2024-03-17T00:22:20.595+05:30  INFO 25660 --- [main] o.apache.catalina.core.StandardService   : Starting service [Tomcat]
2024-03-17T00:22:20.596+05:30  INFO 25660 --- [main] o.apache.catalina.core.StandardEngine    : Starting Servlet engine: [Apache Tomcat/10.1.4]
2024-03-17T00:22:20.880+05:30  INFO 25660 --- [main] o.a.c.c.C.[Tomcat].[localhost].[/]       : Initializing Spring embedded WebApplicationContext
2024-03-17T00:22:20.881+05:30  INFO 25660 --- [main] w.s.c.ServletWebServerApplicationContext : Root WebApplicationContext: initialization completed in 3147 ms
2024-03-17T00:22:21.589+05:30  INFO 25660 --- [main] o.hibernate.jpa.internal.util.LogHelper  : HHH000204: Processing PersistenceUnitInfo [name: default]
2024-03-17T00:22:21.817+05:30  INFO 25660 --- [main] org.hibernate.Version                    : HHH000412: Hibernate ORM core version 6.1.6.Final
2024-03-17T00:22:22.546+05:30  WARN 25660 --- [main] org.hibernate.orm.deprecation            : HHH90000021: Encountered deprecated setting [javax.persistence.sharedCache.mode], use [jakarta.persistence.sharedCache.mode] instead
2024-03-17T00:22:22.889+05:30  INFO 25660 --- [main] com.zaxxer.hikari.HikariDataSource       : HikariPool-1 - Starting...
2024-03-17T00:22:24.348+05:30  INFO 25660 --- [main] com.zaxxer.hikari.pool.HikariPool        : HikariPool-1 - Added connection com.mysql.cj.jdbc.ConnectionImpl@35becbd4
2024-03-17T00:22:24.353+05:30  INFO 25660 --- [main] com.zaxxer.hikari.HikariDataSource       : HikariPool-1 - Start completed.
2024-03-17T00:22:24.588+05:30  INFO 25660 --- [main] SQL dialect                              : HHH000400: Using dialect: org.hibernate.dialect.MySQLDialect
2024-03-17T00:22:27.512+05:30  INFO 25660 --- [main] o.h.e.t.j.p.i.JtaPlatformInitiator       : HHH000490: Using JtaPlatform implementation: [org.hibernate.engine.transaction.jta.platform.internal.NoJtaPlatform]
2024-03-17T00:22:27.544+05:30  INFO 25660 --- [main] j.LocalContainerEntityManagerFactoryBean : Initialized JPA EntityManagerFactory for persistence unit 'default'
2024-03-17T00:22:31.646+05:30  WARN 25660 --- [main] JpaBaseConfiguration$JpaWebConfiguration : spring.jpa.open-in-view is enabled by default. Therefore, database queries may be performed during view rendering. Explicitly configure spring.jpa.open-in-view to disable this warning
2024-03-17T00:22:35.168+05:30  INFO 25660 --- [main] o.s.s.web.DefaultSecurityFilterChain     : Will secure any request with [org.springframework.security.web.session.DisableEncodeUrlFilter@345effd7, org.springframework.security.web.context.request.async.WebAsyncManagerIntegrationFilter@b9750f0, org.springframework.security.web.context.SecurityContextHolderFilter@38ed9fb2, org.springframework.security.web.header.HeaderWriterFilter@6a06b374, org.springframework.web.filter.CorsFilter@54418834, org.springframework.security.web.authentication.logout.LogoutFilter@3b67c637, com.hexaware.policymanager.filter.JwtAuthFilter@63ead376, org.springframework.security.web.savedrequest.RequestCacheAwareFilter@22bf4d9d, org.springframework.security.web.servletapi.SecurityContextHolderAwareRequestFilter@9930ff6, org.springframework.security.web.authentication.AnonymousAuthenticationFilter@2d854c13, org.springframework.security.web.session.SessionManagementFilter@4a592d22, org.springframework.security.web.access.ExceptionTranslationFilter@bd8f424, org.springframework.security.web.access.intercept.AuthorizationFilter@71c9c7f3]
2024-03-17T00:22:36.664+05:30  INFO 25660 --- [main] o.s.b.w.embedded.tomcat.TomcatWebServer  : Tomcat started on port(s): 8080 (http) with context path ''
2024-03-17T00:22:36.685+05:30  INFO 25660 --- [main] c.h.p.PolicyManagerApplication           : Started PolicyManagerApplication in 19.809 seconds (process running for 21.59)
2024-03-17T00:23:32.015+05:30  INFO 25660 --- [http-nio-8080-exec-2] o.a.c.c.C.[Tomcat].[localhost].[/]       : Initializing Spring DispatcherServlet 'dispatcherServlet'
2024-03-17T00:23:32.015+05:30  INFO 25660 --- [http-nio-8080-exec-2] o.s.web.servlet.DispatcherServlet        : Initializing Servlet 'dispatcherServlet'
2024-03-17T00:23:32.017+05:30  INFO 25660 --- [http-nio-8080-exec-2] o.s.web.servlet.DispatcherServlet        : Completed initialization in 2 ms
2024-03-17T00:26:07.006+05:30  INFO 25660 --- [http-nio-8080-exec-5] c.h.p.service.PoliciesServiceImp         : retrived all policies succesfully [Policies [policyId=100000, policyName=Bala Baalika Yojana, policyDescription=A Saving plan designed to secure your child's education., company=Bajaj Insurance, policyType=Child Plans, initialDeposit=50000.0, termPeriod=Quarterly, termAmount=1800.0, interest=1.0, eligibleUserTypes=[A, B, C]], Policies [policyId=100001, policyName=Vahana Bhadratha, policyDescription=Provides Vehicle Insurance., company=Exide , policyType=Vehicle Insurance, initialDeposit=70000.0, termPeriod=Half-Yearly, termAmount=2000.0, interest=0.5, eligibleUserTypes=[A, B, C, D]], Policies [policyId=100002, policyName=MediCare, policyDescription=The best insurance policy for your health for the secured future., company=Bajaj Insurance, policyType=Health Insurance, initialDeposit=100000.0, termPeriod=Half-Yearly, termAmount=3000.0, interest=1.0, eligibleUserTypes=[C, D, A]], Policies [policyId=100003, policyName=Term Life Protection Plan, policyDescription=This policy provides coverage for to your loved ones in the event of your death, during the term of policy., company=LIC, policyType=Life Insurance, initialDeposit=50000.0, termPeriod=Annually, termAmount=6000.0, interest=1.0, eligibleUserTypes=[A, B, C, D]], Policies [policyId=100004, policyName=Federal Insurnace, policyDescription=Helps you build a corpus for a comfortable retirement with regular contributions and tax benefits., company=LIC, policyType=Retirement Plans, initialDeposit=80000.0, termPeriod=Half-Yearly, termAmount=5000.0, interest=1.0, eligibleUserTypes=[A, B, C, D]], Policies [policyId=100005, policyName=Comprehensive Travel Protection, policyDescription=This policy offers extensive coverage for various travel related risks., company=Travel Guard, policyType=Travel Insurance, initialDeposit=90000.0, termPeriod=Quarterly, termAmount=6000.0, interest=0.3, eligibleUserTypes=[A, B, C, D]], Policies [policyId=100006, policyName=International Travel Insurance, policyDescription=Covers medical emergencies, trip cancellations, lost luggage, and other unforeseen events during international travel., company=HDFC Life Insurance, policyType=Travel Insurance, initialDeposit=100000.0, termPeriod=Half-Yearly, termAmount=3000.0, interest=1.0, eligibleUserTypes=[A.B.C.D]], Policies [policyId=100007, policyName=Critical Illness Insurance , policyDescription= Pays a lump sum amount upon diagnosis of critical illnesses like cancer, heart attack, or stroke, to cover treatment expenses and loss of income., company=Bajaj Allianz Life Insurance, policyType=Health Insurance, initialDeposit=50000.0, termPeriod=Quarterly, termAmount=1800.0, interest=1.0, eligibleUserTypes=[A, C, D]], Policies [policyId=100008, policyName=Child Marriage Plan, policyDescription=Helps parents save for their child's marriage expenses by providing a lump sum amount at the policy's maturity., company=Tata AIA Life Insurance, policyType=Child Plans, initialDeposit=62000.0, termPeriod=Quarterly, termAmount=5000.0, interest=1.0, eligibleUserTypes=[C, D, A]], Policies [policyId=100009, policyName=Pension Plans, policyDescription=Offer regular income post-retirement, ensuring financial stability during the golden years., company=Max Life Insurance , policyType=Retirement Plans, initialDeposit=70000.0, termPeriod=Half-Yearly, termAmount=2000.0, interest=2.0, eligibleUserTypes=[A, C, D]], Policies [policyId=100010, policyName=Zero Depreciation Car Insurance, policyDescription=Provides coverage for the full value of repairs or replacement parts without factoring in depreciation, resulting in higher claim payouts., company=SBI Life Insurance, policyType=Life Insurance, initialDeposit=70000.0, termPeriod=Half-Yearly, termAmount=5000.0, interest=2.0, eligibleUserTypes=[A, B, C, D]], Policies [policyId=100011, policyName=Endowment Plans, policyDescription=Provide both life cover and savings over a specified period, offering maturity benefits if the policyholder survives the term or death benefits to nominees in case of demise., company=PNB MetLife India Insurance , policyType=Life Insurance, initialDeposit=89000.0, termPeriod=Quarterly, termAmount=4000.0, interest=2.0, eligibleUserTypes=[A, B, C, D]], Policies [policyId=100012, policyName=Maternity Insurance, policyDescription=Covers expenses related to childbirth, including prenatal care, delivery charges, and postnatal care for the mother and newborn., company=Birla Sun Life Insurance, policyType=Health Insurance, initialDeposit=45000.0, termPeriod=Half-Yearly, termAmount=5000.0, interest=1.0, eligibleUserTypes=[B, C, D]]]
2024-03-17T00:35:28.759+05:30  WARN 25660 --- [http-nio-8080-exec-10] .w.s.m.s.DefaultHandlerExceptionResolver : Resolved [org.springframework.web.HttpMediaTypeNotSupportedException: Content-Type 'text/plain;charset=UTF-8' is not supported]
2024-03-17T00:35:58.338+05:30  INFO 25660 --- [http-nio-8080-exec-2] c.h.p.service.UsersServiceImp            : User password updated successfully
2024-03-17T00:42:38.235+05:30  INFO 25660 --- [RMI TCP Connection(23)-127.0.0.1] inMXBeanRegistrar$SpringApplicationAdmin : Application shutdown requested.
2024-03-17T00:42:38.560+05:30  INFO 25660 --- [RMI TCP Connection(23)-127.0.0.1] o.apache.catalina.core.StandardService   : Stopping service [Tomcat]
2024-03-17T00:42:38.576+05:30  INFO 25660 --- [RMI TCP Connection(23)-127.0.0.1] o.a.c.c.C.[Tomcat].[localhost].[/]       : Destroying Spring FrameworkServlet 'dispatcherServlet'
2024-03-17T00:42:38.648+05:30  WARN 25660 --- [RMI TCP Connection(23)-127.0.0.1] o.a.c.loader.WebappClassLoaderBase       : The web application [ROOT] appears to have started a thread named [HikariPool-1 housekeeper] but has failed to stop it. This is very likely to create a memory leak. Stack trace of thread:
 java.base@17.0.9/jdk.internal.misc.Unsafe.park(Native Method)
 java.base@17.0.9/java.util.concurrent.locks.LockSupport.parkNanos(LockSupport.java:252)
 java.base@17.0.9/java.util.concurrent.locks.AbstractQueuedSynchronizer$ConditionObject.awaitNanos(AbstractQueuedSynchronizer.java:1672)
 java.base@17.0.9/java.util.concurrent.ScheduledThreadPoolExecutor$DelayedWorkQueue.take(ScheduledThreadPoolExecutor.java:1182)
 java.base@17.0.9/java.util.concurrent.ScheduledThreadPoolExecutor$DelayedWorkQueue.take(ScheduledThreadPoolExecutor.java:899)
 java.base@17.0.9/java.util.concurrent.ThreadPoolExecutor.getTask(ThreadPoolExecutor.java:1062)
 java.base@17.0.9/java.util.concurrent.ThreadPoolExecutor.runWorker(ThreadPoolExecutor.java:1122)
 java.base@17.0.9/java.util.concurrent.ThreadPoolExecutor$Worker.run(ThreadPoolExecutor.java:635)
 java.base@17.0.9/java.lang.Thread.run(Thread.java:840)
2024-03-17T00:42:38.800+05:30  INFO 25660 --- [RMI TCP Connection(23)-127.0.0.1] j.LocalContainerEntityManagerFactoryBean : Closing JPA EntityManagerFactory for persistence unit 'default'
2024-03-17T00:42:38.866+05:30  INFO 25660 --- [RMI TCP Connection(23)-127.0.0.1] com.zaxxer.hikari.HikariDataSource       : HikariPool-1 - Shutdown initiated...
2024-03-17T00:42:39.006+05:30  INFO 25660 --- [RMI TCP Connection(23)-127.0.0.1] com.zaxxer.hikari.HikariDataSource       : HikariPool-1 - Shutdown completed.
2024-03-17T00:42:52.249+05:30  INFO 5836 --- [main] c.h.p.PolicyManagerApplication           : Starting PolicyManagerApplication using Java 17.0.9 with PID 5836 (D:\PolicyManager\target\classes started by Prasanna in D:\PolicyManager)
2024-03-17T00:42:52.262+05:30  INFO 5836 --- [main] c.h.p.PolicyManagerApplication           : No active profile set, falling back to 1 default profile: "default"
2024-03-17T00:42:54.603+05:30  INFO 5836 --- [main] .s.d.r.c.RepositoryConfigurationDelegate : Bootstrapping Spring Data JPA repositories in DEFAULT mode.
2024-03-17T00:42:54.763+05:30  INFO 5836 --- [main] .s.d.r.c.RepositoryConfigurationDelegate : Finished Spring Data repository scanning in 143 ms. Found 7 JPA repository interfaces.
2024-03-17T00:42:56.185+05:30  INFO 5836 --- [main] o.s.b.w.embedded.tomcat.TomcatWebServer  : Tomcat initialized with port(s): 8080 (http)
2024-03-17T00:42:56.203+05:30  INFO 5836 --- [main] o.apache.catalina.core.StandardService   : Starting service [Tomcat]
2024-03-17T00:42:56.204+05:30  INFO 5836 --- [main] o.apache.catalina.core.StandardEngine    : Starting Servlet engine: [Apache Tomcat/10.1.4]
2024-03-17T00:42:56.445+05:30  INFO 5836 --- [main] o.a.c.c.C.[Tomcat].[localhost].[/]       : Initializing Spring embedded WebApplicationContext
2024-03-17T00:42:56.447+05:30  INFO 5836 --- [main] w.s.c.ServletWebServerApplicationContext : Root WebApplicationContext: initialization completed in 4066 ms
2024-03-17T00:42:56.729+05:30  INFO 5836 --- [main] o.hibernate.jpa.internal.util.LogHelper  : HHH000204: Processing PersistenceUnitInfo [name: default]
2024-03-17T00:42:56.842+05:30  INFO 5836 --- [main] org.hibernate.Version                    : HHH000412: Hibernate ORM core version 6.1.6.Final
2024-03-17T00:42:57.171+05:30  WARN 5836 --- [main] org.hibernate.orm.deprecation            : HHH90000021: Encountered deprecated setting [javax.persistence.sharedCache.mode], use [jakarta.persistence.sharedCache.mode] instead
2024-03-17T00:42:57.375+05:30  INFO 5836 --- [main] com.zaxxer.hikari.HikariDataSource       : HikariPool-1 - Starting...
2024-03-17T00:42:58.042+05:30  INFO 5836 --- [main] com.zaxxer.hikari.pool.HikariPool        : HikariPool-1 - Added connection com.mysql.cj.jdbc.ConnectionImpl@20231384
2024-03-17T00:42:58.045+05:30  INFO 5836 --- [main] com.zaxxer.hikari.HikariDataSource       : HikariPool-1 - Start completed.
2024-03-17T00:42:58.187+05:30  INFO 5836 --- [main] SQL dialect                              : HHH000400: Using dialect: org.hibernate.dialect.MySQLDialect
2024-03-17T00:43:00.225+05:30  INFO 5836 --- [main] o.h.e.t.j.p.i.JtaPlatformInitiator       : HHH000490: Using JtaPlatform implementation: [org.hibernate.engine.transaction.jta.platform.internal.NoJtaPlatform]
2024-03-17T00:43:00.242+05:30  INFO 5836 --- [main] j.LocalContainerEntityManagerFactoryBean : Initialized JPA EntityManagerFactory for persistence unit 'default'
2024-03-17T00:43:02.212+05:30  WARN 5836 --- [main] JpaBaseConfiguration$JpaWebConfiguration : spring.jpa.open-in-view is enabled by default. Therefore, database queries may be performed during view rendering. Explicitly configure spring.jpa.open-in-view to disable this warning
2024-03-17T00:43:03.789+05:30  INFO 5836 --- [main] o.s.s.web.DefaultSecurityFilterChain     : Will secure any request with [org.springframework.security.web.session.DisableEncodeUrlFilter@6979e9b8, org.springframework.security.web.context.request.async.WebAsyncManagerIntegrationFilter@771deee6, org.springframework.security.web.context.SecurityContextHolderFilter@20072ff1, org.springframework.security.web.header.HeaderWriterFilter@bd8f424, org.springframework.web.filter.CorsFilter@1455a374, org.springframework.security.web.authentication.logout.LogoutFilter@35b8b69f, com.hexaware.policymanager.filter.JwtAuthFilter@5834298c, org.springframework.security.web.savedrequest.RequestCacheAwareFilter@38ed9fb2, org.springframework.security.web.servletapi.SecurityContextHolderAwareRequestFilter@3bde85b0, org.springframework.security.web.authentication.AnonymousAuthenticationFilter@345effd7, org.springframework.security.web.session.SessionManagementFilter@5d96b0f, org.springframework.security.web.access.ExceptionTranslationFilter@301608d, org.springframework.security.web.access.intercept.AuthorizationFilter@6dbe6891]
2024-03-17T00:43:04.503+05:30  INFO 5836 --- [main] o.s.b.w.embedded.tomcat.TomcatWebServer  : Tomcat started on port(s): 8080 (http) with context path ''
2024-03-17T00:43:04.518+05:30  INFO 5836 --- [main] c.h.p.PolicyManagerApplication           : Started PolicyManagerApplication in 13.351 seconds (process running for 15.472)
2024-03-17T00:43:22.056+05:30  INFO 5836 --- [http-nio-8080-exec-2] o.a.c.c.C.[Tomcat].[localhost].[/]       : Initializing Spring DispatcherServlet 'dispatcherServlet'
2024-03-17T00:43:22.057+05:30  INFO 5836 --- [http-nio-8080-exec-2] o.s.web.servlet.DispatcherServlet        : Initializing Servlet 'dispatcherServlet'
2024-03-17T00:43:22.059+05:30  INFO 5836 --- [http-nio-8080-exec-2] o.s.web.servlet.DispatcherServlet        : Completed initialization in 2 ms
2024-03-17T00:44:35.536+05:30  INFO 5836 --- [RMI TCP Connection(5)-127.0.0.1] inMXBeanRegistrar$SpringApplicationAdmin : Application shutdown requested.
2024-03-17T00:44:35.564+05:30  INFO 5836 --- [RMI TCP Connection(5)-127.0.0.1] o.apache.catalina.core.StandardService   : Stopping service [Tomcat]
2024-03-17T00:44:35.567+05:30  INFO 5836 --- [RMI TCP Connection(5)-127.0.0.1] o.a.c.c.C.[Tomcat].[localhost].[/]       : Destroying Spring FrameworkServlet 'dispatcherServlet'
2024-03-17T00:44:35.573+05:30  WARN 5836 --- [RMI TCP Connection(5)-127.0.0.1] o.a.c.loader.WebappClassLoaderBase       : The web application [ROOT] appears to have started a thread named [HikariPool-1 housekeeper] but has failed to stop it. This is very likely to create a memory leak. Stack trace of thread:
 java.base@17.0.9/jdk.internal.misc.Unsafe.park(Native Method)
 java.base@17.0.9/java.util.concurrent.locks.LockSupport.parkNanos(LockSupport.java:252)
 java.base@17.0.9/java.util.concurrent.locks.AbstractQueuedSynchronizer$ConditionObject.awaitNanos(AbstractQueuedSynchronizer.java:1672)
 java.base@17.0.9/java.util.concurrent.ScheduledThreadPoolExecutor$DelayedWorkQueue.take(ScheduledThreadPoolExecutor.java:1182)
 java.base@17.0.9/java.util.concurrent.ScheduledThreadPoolExecutor$DelayedWorkQueue.take(ScheduledThreadPoolExecutor.java:899)
 java.base@17.0.9/java.util.concurrent.ThreadPoolExecutor.getTask(ThreadPoolExecutor.java:1062)
 java.base@17.0.9/java.util.concurrent.ThreadPoolExecutor.runWorker(ThreadPoolExecutor.java:1122)
 java.base@17.0.9/java.util.concurrent.ThreadPoolExecutor$Worker.run(ThreadPoolExecutor.java:635)
 java.base@17.0.9/java.lang.Thread.run(Thread.java:840)
2024-03-17T00:44:35.597+05:30  INFO 5836 --- [RMI TCP Connection(5)-127.0.0.1] j.LocalContainerEntityManagerFactoryBean : Closing JPA EntityManagerFactory for persistence unit 'default'
2024-03-17T00:44:35.606+05:30  INFO 5836 --- [RMI TCP Connection(5)-127.0.0.1] com.zaxxer.hikari.HikariDataSource       : HikariPool-1 - Shutdown initiated...
2024-03-17T00:44:35.633+05:30  INFO 5836 --- [RMI TCP Connection(5)-127.0.0.1] com.zaxxer.hikari.HikariDataSource       : HikariPool-1 - Shutdown completed.
2024-03-17T00:44:43.932+05:30  INFO 6604 --- [main] c.h.p.PolicyManagerApplication           : Starting PolicyManagerApplication using Java 17.0.9 with PID 6604 (D:\PolicyManager\target\classes started by Prasanna in D:\PolicyManager)
2024-03-17T00:44:43.938+05:30  INFO 6604 --- [main] c.h.p.PolicyManagerApplication           : No active profile set, falling back to 1 default profile: "default"
2024-03-17T00:44:45.411+05:30  INFO 6604 --- [main] .s.d.r.c.RepositoryConfigurationDelegate : Bootstrapping Spring Data JPA repositories in DEFAULT mode.
2024-03-17T00:44:45.544+05:30  INFO 6604 --- [main] .s.d.r.c.RepositoryConfigurationDelegate : Finished Spring Data repository scanning in 116 ms. Found 7 JPA repository interfaces.
2024-03-17T00:44:46.495+05:30  INFO 6604 --- [main] o.s.b.w.embedded.tomcat.TomcatWebServer  : Tomcat initialized with port(s): 8080 (http)
2024-03-17T00:44:46.512+05:30  INFO 6604 --- [main] o.apache.catalina.core.StandardService   : Starting service [Tomcat]
2024-03-17T00:44:46.512+05:30  INFO 6604 --- [main] o.apache.catalina.core.StandardEngine    : Starting Servlet engine: [Apache Tomcat/10.1.4]
2024-03-17T00:44:46.702+05:30  INFO 6604 --- [main] o.a.c.c.C.[Tomcat].[localhost].[/]       : Initializing Spring embedded WebApplicationContext
2024-03-17T00:44:46.703+05:30  INFO 6604 --- [main] w.s.c.ServletWebServerApplicationContext : Root WebApplicationContext: initialization completed in 2670 ms
2024-03-17T00:44:47.019+05:30  INFO 6604 --- [main] o.hibernate.jpa.internal.util.LogHelper  : HHH000204: Processing PersistenceUnitInfo [name: default]
2024-03-17T00:44:47.160+05:30  INFO 6604 --- [main] org.hibernate.Version                    : HHH000412: Hibernate ORM core version 6.1.6.Final
2024-03-17T00:44:47.540+05:30  WARN 6604 --- [main] org.hibernate.orm.deprecation            : HHH90000021: Encountered deprecated setting [javax.persistence.sharedCache.mode], use [jakarta.persistence.sharedCache.mode] instead
2024-03-17T00:44:47.738+05:30  INFO 6604 --- [main] com.zaxxer.hikari.HikariDataSource       : HikariPool-1 - Starting...
2024-03-17T00:44:48.312+05:30  INFO 6604 --- [main] com.zaxxer.hikari.pool.HikariPool        : HikariPool-1 - Added connection com.mysql.cj.jdbc.ConnectionImpl@58bad46f
2024-03-17T00:44:48.317+05:30  INFO 6604 --- [main] com.zaxxer.hikari.HikariDataSource       : HikariPool-1 - Start completed.
2024-03-17T00:44:48.432+05:30  INFO 6604 --- [main] SQL dialect                              : HHH000400: Using dialect: org.hibernate.dialect.MySQLDialect
2024-03-17T00:44:50.626+05:30  INFO 6604 --- [main] o.h.e.t.j.p.i.JtaPlatformInitiator       : HHH000490: Using JtaPlatform implementation: [org.hibernate.engine.transaction.jta.platform.internal.NoJtaPlatform]
2024-03-17T00:44:50.650+05:30  INFO 6604 --- [main] j.LocalContainerEntityManagerFactoryBean : Initialized JPA EntityManagerFactory for persistence unit 'default'
2024-03-17T00:44:52.733+05:30  WARN 6604 --- [main] JpaBaseConfiguration$JpaWebConfiguration : spring.jpa.open-in-view is enabled by default. Therefore, database queries may be performed during view rendering. Explicitly configure spring.jpa.open-in-view to disable this warning
2024-03-17T00:44:54.534+05:30  INFO 6604 --- [main] o.s.s.web.DefaultSecurityFilterChain     : Will secure any request with [org.springframework.security.web.session.DisableEncodeUrlFilter@3de8e614, org.springframework.security.web.context.request.async.WebAsyncManagerIntegrationFilter@1a819769, org.springframework.security.web.context.SecurityContextHolderFilter@51b1732d, org.springframework.security.web.header.HeaderWriterFilter@106dee26, org.springframework.web.filter.CorsFilter@9abbe39, org.springframework.security.web.authentication.logout.LogoutFilter@7a5b561b, com.hexaware.policymanager.filter.JwtAuthFilter@21f7c0be, org.springframework.security.web.savedrequest.RequestCacheAwareFilter@3e668743, org.springframework.security.web.servletapi.SecurityContextHolderAwareRequestFilter@35b8b69f, org.springframework.security.web.authentication.AnonymousAuthenticationFilter@6479b4cb, org.springframework.security.web.session.SessionManagementFilter@6deb2b19, org.springframework.security.web.access.ExceptionTranslationFilter@3d0f2154, org.springframework.security.web.access.intercept.AuthorizationFilter@4c0d7878]
2024-03-17T00:44:55.333+05:30  INFO 6604 --- [main] o.s.b.w.embedded.tomcat.TomcatWebServer  : Tomcat started on port(s): 8080 (http) with context path ''
2024-03-17T00:44:55.349+05:30  INFO 6604 --- [main] c.h.p.PolicyManagerApplication           : Started PolicyManagerApplication in 12.187 seconds (process running for 13.66)
2024-03-17T00:45:25.600+05:30  INFO 6604 --- [http-nio-8080-exec-1] o.a.c.c.C.[Tomcat].[localhost].[/]       : Initializing Spring DispatcherServlet 'dispatcherServlet'
2024-03-17T00:45:25.601+05:30  INFO 6604 --- [http-nio-8080-exec-1] o.s.web.servlet.DispatcherServlet        : Initializing Servlet 'dispatcherServlet'
2024-03-17T00:45:25.603+05:30  INFO 6604 --- [http-nio-8080-exec-1] o.s.web.servlet.DispatcherServlet        : Completed initialization in 2 ms
2024-03-17T00:45:26.171+05:30  INFO 6604 --- [http-nio-8080-exec-2] c.h.p.service.UsersServiceImp            : User registered successfully
2024-03-17T00:45:41.776+05:30  INFO 6604 --- [http-nio-8080-exec-5] c.h.p.service.UsersServiceImp            : User password updated successfully
2024-03-17T00:47:16.539+05:30  INFO 6604 --- [http-nio-8080-exec-4] c.h.p.service.UsersServiceImp            : User retrieved successfully by ID: 10000
2024-03-17T00:48:29.249+05:30  INFO 6604 --- [http-nio-8080-exec-9] c.h.p.service.PolicyPaymentsServiceImp   : Fetching all payments
2024-03-17T00:49:42.044+05:30  INFO 6604 --- [http-nio-8080-exec-2] c.h.p.service.UsersServiceImp            : User retrieved successfully by ID: 10000
2024-03-17T00:51:44.945+05:30  INFO 6604 --- [http-nio-8080-exec-7] c.h.p.service.UsersServiceImp            : User password updated successfully
2024-03-17T00:51:56.101+05:30  INFO 6604 --- [http-nio-8080-exec-1] c.h.p.service.UsersServiceImp            : Retrieved all users successfully
2024-03-17T00:52:07.223+05:30  INFO 6604 --- [http-nio-8080-exec-3] c.h.p.service.UsersServiceImp            : User updated successfully: Users [userId=10000, emailAddress=lakshmiprasannaramidi2001@gmail.com, contactNumber=7671946545, password=$2a$10$POQ/IQ5kQEOdqIQ1955Diuh8JaZx.Bvl7CPQvErsQX4fTFxQs6j7S, firstName=Lakshmi, lastName=Prasanna, dateOfBirth=2001-06-04, panNumber=FERTY6789I, employerType=B, employerName=Raju, salary=50000.0, userType=Admin, address=Address [addressId=70000, addressLine=rainbow towers, city=Vijayawada, cityPincode=12, state=Andhra Pradesh], userPolicies=null, profile=ProfilePicture [pictureId=3, name=IMG_4544.jpg, type=image/jpeg, data=org.hibernate.engine.jdbc.BlobProxy@66ed21ff]]
2024-03-17T00:52:10.563+05:30  INFO 6604 --- [http-nio-8080-exec-5] c.h.p.service.UsersServiceImp            : Retrieved all users successfully
2024-03-17T00:52:34.368+05:30  INFO 6604 --- [http-nio-8080-exec-8] c.h.p.service.UsersServiceImp            : Retrieved all users successfully
2024-03-17T00:52:48.642+05:30  INFO 6604 --- [RMI TCP Connection(12)-127.0.0.1] inMXBeanRegistrar$SpringApplicationAdmin : Application shutdown requested.
2024-03-17T00:52:48.899+05:30  INFO 6604 --- [RMI TCP Connection(12)-127.0.0.1] o.apache.catalina.core.StandardService   : Stopping service [Tomcat]
2024-03-17T00:52:48.916+05:30  INFO 6604 --- [RMI TCP Connection(12)-127.0.0.1] o.a.c.c.C.[Tomcat].[localhost].[/]       : Destroying Spring FrameworkServlet 'dispatcherServlet'
2024-03-17T00:52:48.966+05:30  WARN 6604 --- [RMI TCP Connection(12)-127.0.0.1] o.a.c.loader.WebappClassLoaderBase       : The web application [ROOT] appears to have started a thread named [HikariPool-1 housekeeper] but has failed to stop it. This is very likely to create a memory leak. Stack trace of thread:
 java.base@17.0.9/jdk.internal.misc.Unsafe.park(Native Method)
 java.base@17.0.9/java.util.concurrent.locks.LockSupport.parkNanos(LockSupport.java:252)
 java.base@17.0.9/java.util.concurrent.locks.AbstractQueuedSynchronizer$ConditionObject.awaitNanos(AbstractQueuedSynchronizer.java:1672)
 java.base@17.0.9/java.util.concurrent.ScheduledThreadPoolExecutor$DelayedWorkQueue.take(ScheduledThreadPoolExecutor.java:1182)
 java.base@17.0.9/java.util.concurrent.ScheduledThreadPoolExecutor$DelayedWorkQueue.take(ScheduledThreadPoolExecutor.java:899)
 java.base@17.0.9/java.util.concurrent.ThreadPoolExecutor.getTask(ThreadPoolExecutor.java:1062)
 java.base@17.0.9/java.util.concurrent.ThreadPoolExecutor.runWorker(ThreadPoolExecutor.java:1122)
 java.base@17.0.9/java.util.concurrent.ThreadPoolExecutor$Worker.run(ThreadPoolExecutor.java:635)
 java.base@17.0.9/java.lang.Thread.run(Thread.java:840)
2024-03-17T00:52:49.050+05:30  INFO 6604 --- [RMI TCP Connection(12)-127.0.0.1] j.LocalContainerEntityManagerFactoryBean : Closing JPA EntityManagerFactory for persistence unit 'default'
2024-03-17T00:52:49.108+05:30  INFO 6604 --- [RMI TCP Connection(12)-127.0.0.1] com.zaxxer.hikari.HikariDataSource       : HikariPool-1 - Shutdown initiated...
2024-03-17T00:52:49.190+05:30  INFO 6604 --- [RMI TCP Connection(12)-127.0.0.1] com.zaxxer.hikari.HikariDataSource       : HikariPool-1 - Shutdown completed.
